{"/Users/joshuadgilley/Documents/Personal Projects/the-digital-vanguard/server/server.ts": {"path":"/Users/joshuadgilley/Documents/Personal Projects/the-digital-vanguard/server/server.ts","all":false,"statementMap":{"0":{"start":{"line":1,"column":0},"end":{"line":1,"column":30}},"1":{"start":{"line":2,"column":0},"end":{"line":2,"column":28}},"2":{"start":{"line":3,"column":0},"end":{"line":3,"column":37}},"3":{"start":{"line":4,"column":0},"end":{"line":4,"column":46}},"5":{"start":{"line":6,"column":0},"end":{"line":6,"column":38}},"6":{"start":{"line":7,"column":0},"end":{"line":7,"column":44}},"7":{"start":{"line":8,"column":0},"end":{"line":8,"column":18}},"8":{"start":{"line":9,"column":0},"end":{"line":9,"column":22}},"9":{"start":{"line":10,"column":0},"end":{"line":10,"column":27}},"10":{"start":{"line":11,"column":0},"end":{"line":11,"column":17}},"11":{"start":{"line":12,"column":0},"end":{"line":12,"column":1}},"13":{"start":{"line":14,"column":0},"end":{"line":14,"column":34}},"14":{"start":{"line":15,"column":0},"end":{"line":15,"column":38}},"15":{"start":{"line":16,"column":0},"end":{"line":16,"column":7}},"16":{"start":{"line":17,"column":0},"end":{"line":17,"column":58}},"17":{"start":{"line":18,"column":0},"end":{"line":18,"column":25}},"18":{"start":{"line":19,"column":0},"end":{"line":19,"column":37}},"19":{"start":{"line":20,"column":0},"end":{"line":20,"column":29}},"20":{"start":{"line":21,"column":0},"end":{"line":21,"column":7}},"21":{"start":{"line":22,"column":0},"end":{"line":22,"column":17}},"22":{"start":{"line":23,"column":0},"end":{"line":23,"column":26}},"23":{"start":{"line":24,"column":0},"end":{"line":24,"column":20}},"24":{"start":{"line":25,"column":0},"end":{"line":25,"column":3}},"25":{"start":{"line":26,"column":0},"end":{"line":26,"column":2}},"27":{"start":{"line":28,"column":0},"end":{"line":28,"column":30}},"28":{"start":{"line":29,"column":0},"end":{"line":29,"column":10}},"29":{"start":{"line":30,"column":0},"end":{"line":30,"column":1}},"31":{"start":{"line":32,"column":0},"end":{"line":32,"column":28}}},"s":{"0":1,"1":1,"2":1,"3":1,"5":1,"6":1,"7":1,"8":1,"9":1,"10":1,"11":1,"13":1,"14":0,"15":0,"16":0,"17":0,"18":0,"19":0,"20":0,"21":0,"22":0,"23":0,"24":0,"25":0,"27":1,"28":0,"29":0,"31":1},"branchMap":{"0":{"type":"branch","line":28,"loc":{"start":{"line":28,"column":29},"end":{"line":30,"column":1}},"locations":[{"start":{"line":28,"column":29},"end":{"line":30,"column":1}}]},"1":{"type":"branch","line":6,"loc":{"start":{"line":6,"column":0},"end":{"line":12,"column":1}},"locations":[{"start":{"line":6,"column":0},"end":{"line":12,"column":1}}]}},"b":{"0":[0],"1":[1]},"fnMap":{"0":{"name":"createServer","decl":{"start":{"line":6,"column":0},"end":{"line":12,"column":1}},"loc":{"start":{"line":6,"column":0},"end":{"line":12,"column":1}},"line":6},"1":{"name":"start","decl":{"start":{"line":14,"column":21},"end":{"line":26,"column":2}},"loc":{"start":{"line":14,"column":21},"end":{"line":26,"column":2}},"line":14}},"f":{"0":1,"1":0}}
,"/Users/joshuadgilley/Documents/Personal Projects/the-digital-vanguard/server/config/cors.ts": {"path":"/Users/joshuadgilley/Documents/Personal Projects/the-digital-vanguard/server/config/cors.ts","all":false,"statementMap":{"3":{"start":{"line":4,"column":0},"end":{"line":4,"column":58}},"4":{"start":{"line":5,"column":0},"end":{"line":5,"column":58}},"5":{"start":{"line":6,"column":0},"end":{"line":6,"column":53}},"6":{"start":{"line":7,"column":0},"end":{"line":7,"column":59}},"7":{"start":{"line":8,"column":0},"end":{"line":8,"column":17}},"8":{"start":{"line":9,"column":0},"end":{"line":9,"column":37}},"9":{"start":{"line":10,"column":0},"end":{"line":10,"column":84}},"10":{"start":{"line":11,"column":0},"end":{"line":11,"column":6}},"11":{"start":{"line":12,"column":0},"end":{"line":12,"column":44}},"12":{"start":{"line":13,"column":0},"end":{"line":13,"column":17}},"13":{"start":{"line":14,"column":0},"end":{"line":14,"column":37}},"14":{"start":{"line":15,"column":0},"end":{"line":15,"column":46}},"15":{"start":{"line":16,"column":0},"end":{"line":16,"column":6}},"16":{"start":{"line":17,"column":0},"end":{"line":17,"column":17}},"17":{"start":{"line":18,"column":0},"end":{"line":18,"column":32}},"18":{"start":{"line":19,"column":0},"end":{"line":19,"column":63}},"19":{"start":{"line":20,"column":0},"end":{"line":20,"column":6}},"20":{"start":{"line":21,"column":0},"end":{"line":21,"column":39}},"21":{"start":{"line":22,"column":0},"end":{"line":22,"column":19}},"22":{"start":{"line":23,"column":0},"end":{"line":23,"column":5}},"23":{"start":{"line":24,"column":0},"end":{"line":24,"column":5}},"24":{"start":{"line":25,"column":0},"end":{"line":25,"column":2}},"26":{"start":{"line":27,"column":0},"end":{"line":27,"column":26}}},"s":{"3":1,"4":1,"5":10,"6":10,"7":10,"8":10,"9":10,"10":10,"11":10,"12":10,"13":10,"14":10,"15":10,"16":10,"17":10,"18":10,"19":10,"20":10,"21":0,"22":0,"23":1,"24":1,"26":1},"branchMap":{"0":{"type":"branch","line":4,"loc":{"start":{"line":4,"column":19},"end":{"line":25,"column":2}},"locations":[{"start":{"line":4,"column":19},"end":{"line":25,"column":2}}]},"1":{"type":"branch","line":5,"loc":{"start":{"line":5,"column":31},"end":{"line":24,"column":3}},"locations":[{"start":{"line":5,"column":31},"end":{"line":24,"column":3}}]},"2":{"type":"branch","line":21,"loc":{"start":{"line":21,"column":38},"end":{"line":23,"column":5}},"locations":[{"start":{"line":21,"column":38},"end":{"line":23,"column":5}}]}},"b":{"0":[1],"1":[10],"2":[0]},"fnMap":{"0":{"name":"handleCors","decl":{"start":{"line":4,"column":19},"end":{"line":25,"column":2}},"loc":{"start":{"line":4,"column":19},"end":{"line":25,"column":2}},"line":4}},"f":{"0":1}}
,"/Users/joshuadgilley/Documents/Personal Projects/the-digital-vanguard/server/config/register.ts": {"path":"/Users/joshuadgilley/Documents/Personal Projects/the-digital-vanguard/server/config/register.ts","all":false,"statementMap":{"2":{"start":{"line":3,"column":0},"end":{"line":3,"column":44}},"3":{"start":{"line":4,"column":0},"end":{"line":4,"column":42}},"5":{"start":{"line":6,"column":0},"end":{"line":6,"column":63}},"6":{"start":{"line":7,"column":0},"end":{"line":7,"column":32}},"7":{"start":{"line":8,"column":0},"end":{"line":8,"column":34}},"8":{"start":{"line":9,"column":0},"end":{"line":9,"column":2}},"10":{"start":{"line":11,"column":0},"end":{"line":11,"column":31}}},"s":{"2":1,"3":1,"5":1,"6":1,"7":1,"8":1,"10":1},"branchMap":{"0":{"type":"branch","line":6,"loc":{"start":{"line":6,"column":24},"end":{"line":9,"column":2}},"locations":[{"start":{"line":6,"column":24},"end":{"line":9,"column":2}}]}},"b":{"0":[1]},"fnMap":{"0":{"name":"fastifyRegister","decl":{"start":{"line":6,"column":24},"end":{"line":9,"column":2}},"loc":{"start":{"line":6,"column":24},"end":{"line":9,"column":2}},"line":6}},"f":{"0":1}}
,"/Users/joshuadgilley/Documents/Personal Projects/the-digital-vanguard/server/routes/articles/route.ts": {"path":"/Users/joshuadgilley/Documents/Personal Projects/the-digital-vanguard/server/routes/articles/route.ts","all":false,"statementMap":{"3":{"start":{"line":4,"column":0},"end":{"line":4,"column":39}},"4":{"start":{"line":5,"column":0},"end":{"line":5,"column":36}},"12":{"start":{"line":13,"column":0},"end":{"line":13,"column":50}},"14":{"start":{"line":15,"column":0},"end":{"line":15,"column":60}},"16":{"start":{"line":17,"column":0},"end":{"line":17,"column":67}},"17":{"start":{"line":18,"column":0},"end":{"line":18,"column":15}},"21":{"start":{"line":22,"column":0},"end":{"line":22,"column":47}},"22":{"start":{"line":23,"column":0},"end":{"line":23,"column":46}},"23":{"start":{"line":24,"column":0},"end":{"line":24,"column":9}},"24":{"start":{"line":25,"column":0},"end":{"line":25,"column":61}},"25":{"start":{"line":26,"column":0},"end":{"line":26,"column":27}},"26":{"start":{"line":27,"column":0},"end":{"line":27,"column":249}},"27":{"start":{"line":28,"column":0},"end":{"line":28,"column":10}},"28":{"start":{"line":29,"column":0},"end":{"line":29,"column":49}},"29":{"start":{"line":30,"column":0},"end":{"line":30,"column":44}},"30":{"start":{"line":31,"column":0},"end":{"line":31,"column":8}},"31":{"start":{"line":32,"column":0},"end":{"line":32,"column":62}},"32":{"start":{"line":33,"column":0},"end":{"line":33,"column":21}},"33":{"start":{"line":34,"column":0},"end":{"line":34,"column":51}},"34":{"start":{"line":35,"column":0},"end":{"line":35,"column":5}},"35":{"start":{"line":36,"column":0},"end":{"line":36,"column":21}},"36":{"start":{"line":37,"column":0},"end":{"line":37,"column":5}},"38":{"start":{"line":39,"column":0},"end":{"line":39,"column":15}},"42":{"start":{"line":43,"column":0},"end":{"line":43,"column":59}},"43":{"start":{"line":44,"column":0},"end":{"line":44,"column":42}},"44":{"start":{"line":45,"column":0},"end":{"line":45,"column":46}},"45":{"start":{"line":46,"column":0},"end":{"line":46,"column":9}},"46":{"start":{"line":47,"column":0},"end":{"line":47,"column":61}},"47":{"start":{"line":48,"column":0},"end":{"line":48,"column":27}},"48":{"start":{"line":49,"column":0},"end":{"line":49,"column":201}},"49":{"start":{"line":50,"column":0},"end":{"line":50,"column":10}},"50":{"start":{"line":51,"column":0},"end":{"line":51,"column":31}},"51":{"start":{"line":52,"column":0},"end":{"line":52,"column":23}},"52":{"start":{"line":53,"column":0},"end":{"line":53,"column":67}},"53":{"start":{"line":54,"column":0},"end":{"line":54,"column":15}},"55":{"start":{"line":56,"column":0},"end":{"line":56,"column":62}},"56":{"start":{"line":57,"column":0},"end":{"line":57,"column":21}},"57":{"start":{"line":58,"column":0},"end":{"line":58,"column":51}},"58":{"start":{"line":59,"column":0},"end":{"line":59,"column":5}},"59":{"start":{"line":60,"column":0},"end":{"line":60,"column":21}},"60":{"start":{"line":61,"column":0},"end":{"line":61,"column":5}},"62":{"start":{"line":63,"column":0},"end":{"line":63,"column":15}},"66":{"start":{"line":67,"column":0},"end":{"line":67,"column":64}},"67":{"start":{"line":68,"column":0},"end":{"line":68,"column":58}},"68":{"start":{"line":69,"column":0},"end":{"line":69,"column":46}},"69":{"start":{"line":70,"column":0},"end":{"line":70,"column":9}},"70":{"start":{"line":71,"column":0},"end":{"line":71,"column":61}},"71":{"start":{"line":72,"column":0},"end":{"line":72,"column":27}},"72":{"start":{"line":73,"column":0},"end":{"line":73,"column":147}},"74":{"start":{"line":75,"column":0},"end":{"line":75,"column":41}},"75":{"start":{"line":76,"column":0},"end":{"line":76,"column":39}},"76":{"start":{"line":77,"column":0},"end":{"line":77,"column":44}},"77":{"start":{"line":78,"column":0},"end":{"line":78,"column":10}},"78":{"start":{"line":79,"column":0},"end":{"line":79,"column":49}},"79":{"start":{"line":80,"column":0},"end":{"line":80,"column":44}},"80":{"start":{"line":81,"column":0},"end":{"line":81,"column":8}},"81":{"start":{"line":82,"column":0},"end":{"line":82,"column":62}},"82":{"start":{"line":83,"column":0},"end":{"line":83,"column":21}},"83":{"start":{"line":84,"column":0},"end":{"line":84,"column":51}},"84":{"start":{"line":85,"column":0},"end":{"line":85,"column":5}},"85":{"start":{"line":86,"column":0},"end":{"line":86,"column":21}},"86":{"start":{"line":87,"column":0},"end":{"line":87,"column":5}},"88":{"start":{"line":89,"column":0},"end":{"line":89,"column":34}},"89":{"start":{"line":90,"column":0},"end":{"line":90,"column":20}},"90":{"start":{"line":91,"column":0},"end":{"line":91,"column":31}},"95":{"start":{"line":96,"column":0},"end":{"line":96,"column":11}},"96":{"start":{"line":97,"column":0},"end":{"line":97,"column":10}},"97":{"start":{"line":98,"column":0},"end":{"line":98,"column":44}},"98":{"start":{"line":99,"column":0},"end":{"line":99,"column":69}},"99":{"start":{"line":100,"column":0},"end":{"line":100,"column":76}},"100":{"start":{"line":101,"column":0},"end":{"line":101,"column":48}},"101":{"start":{"line":102,"column":0},"end":{"line":102,"column":53}},"102":{"start":{"line":103,"column":0},"end":{"line":103,"column":15}},"103":{"start":{"line":104,"column":0},"end":{"line":104,"column":19}},"104":{"start":{"line":105,"column":0},"end":{"line":105,"column":14}},"105":{"start":{"line":106,"column":0},"end":{"line":106,"column":8}},"107":{"start":{"line":108,"column":0},"end":{"line":108,"column":11}},"108":{"start":{"line":109,"column":0},"end":{"line":109,"column":60}},"109":{"start":{"line":110,"column":0},"end":{"line":110,"column":44}},"110":{"start":{"line":111,"column":0},"end":{"line":111,"column":75}},"112":{"start":{"line":113,"column":0},"end":{"line":113,"column":23}},"113":{"start":{"line":114,"column":0},"end":{"line":114,"column":26}},"114":{"start":{"line":115,"column":0},"end":{"line":115,"column":27}},"115":{"start":{"line":116,"column":0},"end":{"line":116,"column":19}},"116":{"start":{"line":117,"column":0},"end":{"line":117,"column":29}},"118":{"start":{"line":119,"column":0},"end":{"line":119,"column":10}},"119":{"start":{"line":120,"column":0},"end":{"line":120,"column":55}},"120":{"start":{"line":121,"column":0},"end":{"line":121,"column":23}},"121":{"start":{"line":122,"column":0},"end":{"line":122,"column":80}},"122":{"start":{"line":123,"column":0},"end":{"line":123,"column":58}},"123":{"start":{"line":124,"column":0},"end":{"line":124,"column":7}},"124":{"start":{"line":125,"column":0},"end":{"line":125,"column":23}},"125":{"start":{"line":126,"column":0},"end":{"line":126,"column":6}},"126":{"start":{"line":127,"column":0},"end":{"line":127,"column":5}},"128":{"start":{"line":129,"column":0},"end":{"line":129,"column":48}},"129":{"start":{"line":130,"column":0},"end":{"line":130,"column":20}},"130":{"start":{"line":131,"column":0},"end":{"line":131,"column":31}},"135":{"start":{"line":136,"column":0},"end":{"line":136,"column":11}},"136":{"start":{"line":137,"column":0},"end":{"line":137,"column":10}},"137":{"start":{"line":138,"column":0},"end":{"line":138,"column":60}},"138":{"start":{"line":139,"column":0},"end":{"line":139,"column":69}},"139":{"start":{"line":140,"column":0},"end":{"line":140,"column":55}},"140":{"start":{"line":141,"column":0},"end":{"line":141,"column":48}},"141":{"start":{"line":142,"column":0},"end":{"line":142,"column":53}},"142":{"start":{"line":143,"column":0},"end":{"line":143,"column":15}},"143":{"start":{"line":144,"column":0},"end":{"line":144,"column":19}},"144":{"start":{"line":145,"column":0},"end":{"line":145,"column":14}},"145":{"start":{"line":146,"column":0},"end":{"line":146,"column":8}},"146":{"start":{"line":147,"column":0},"end":{"line":147,"column":11}},"147":{"start":{"line":148,"column":0},"end":{"line":148,"column":60}},"148":{"start":{"line":149,"column":0},"end":{"line":149,"column":44}},"149":{"start":{"line":150,"column":0},"end":{"line":150,"column":66}},"150":{"start":{"line":151,"column":0},"end":{"line":151,"column":70}},"151":{"start":{"line":152,"column":0},"end":{"line":152,"column":10}},"152":{"start":{"line":153,"column":0},"end":{"line":153,"column":80}},"153":{"start":{"line":154,"column":0},"end":{"line":154,"column":23}},"154":{"start":{"line":155,"column":0},"end":{"line":155,"column":80}},"155":{"start":{"line":156,"column":0},"end":{"line":156,"column":61}},"156":{"start":{"line":157,"column":0},"end":{"line":157,"column":7}},"157":{"start":{"line":158,"column":0},"end":{"line":158,"column":23}},"158":{"start":{"line":159,"column":0},"end":{"line":159,"column":6}},"159":{"start":{"line":160,"column":0},"end":{"line":160,"column":5}},"161":{"start":{"line":162,"column":0},"end":{"line":162,"column":18}},"165":{"start":{"line":166,"column":0},"end":{"line":166,"column":64}},"166":{"start":{"line":167,"column":0},"end":{"line":167,"column":58}},"167":{"start":{"line":168,"column":0},"end":{"line":168,"column":74}},"168":{"start":{"line":169,"column":0},"end":{"line":169,"column":46}},"169":{"start":{"line":170,"column":0},"end":{"line":170,"column":79}},"170":{"start":{"line":171,"column":0},"end":{"line":171,"column":9}},"171":{"start":{"line":172,"column":0},"end":{"line":172,"column":58}},"172":{"start":{"line":173,"column":0},"end":{"line":173,"column":37}},"173":{"start":{"line":174,"column":0},"end":{"line":174,"column":65}},"174":{"start":{"line":175,"column":0},"end":{"line":175,"column":8}},"175":{"start":{"line":176,"column":0},"end":{"line":176,"column":48}},"176":{"start":{"line":177,"column":0},"end":{"line":177,"column":21}},"177":{"start":{"line":178,"column":0},"end":{"line":178,"column":78}},"178":{"start":{"line":179,"column":0},"end":{"line":179,"column":56}},"179":{"start":{"line":180,"column":0},"end":{"line":180,"column":5}},"180":{"start":{"line":181,"column":0},"end":{"line":181,"column":21}},"181":{"start":{"line":182,"column":0},"end":{"line":182,"column":5}},"183":{"start":{"line":184,"column":0},"end":{"line":184,"column":18}},"187":{"start":{"line":188,"column":0},"end":{"line":188,"column":63}},"188":{"start":{"line":189,"column":0},"end":{"line":189,"column":57}},"189":{"start":{"line":190,"column":0},"end":{"line":190,"column":74}},"190":{"start":{"line":191,"column":0},"end":{"line":191,"column":46}},"191":{"start":{"line":192,"column":0},"end":{"line":192,"column":79}},"192":{"start":{"line":193,"column":0},"end":{"line":193,"column":9}},"193":{"start":{"line":194,"column":0},"end":{"line":194,"column":58}},"194":{"start":{"line":195,"column":0},"end":{"line":195,"column":17}},"195":{"start":{"line":196,"column":0},"end":{"line":196,"column":28}},"196":{"start":{"line":197,"column":0},"end":{"line":197,"column":28}},"197":{"start":{"line":198,"column":0},"end":{"line":198,"column":64}},"198":{"start":{"line":199,"column":0},"end":{"line":199,"column":11}},"199":{"start":{"line":200,"column":0},"end":{"line":200,"column":48}},"200":{"start":{"line":201,"column":0},"end":{"line":201,"column":21}},"201":{"start":{"line":202,"column":0},"end":{"line":202,"column":78}},"202":{"start":{"line":203,"column":0},"end":{"line":203,"column":56}},"203":{"start":{"line":204,"column":0},"end":{"line":204,"column":5}},"204":{"start":{"line":205,"column":0},"end":{"line":205,"column":21}},"205":{"start":{"line":206,"column":0},"end":{"line":206,"column":5}},"207":{"start":{"line":208,"column":0},"end":{"line":208,"column":47}},"208":{"start":{"line":209,"column":0},"end":{"line":209,"column":20}},"209":{"start":{"line":210,"column":0},"end":{"line":210,"column":31}},"213":{"start":{"line":214,"column":0},"end":{"line":214,"column":11}},"214":{"start":{"line":215,"column":0},"end":{"line":215,"column":10}},"215":{"start":{"line":216,"column":0},"end":{"line":216,"column":60}},"216":{"start":{"line":217,"column":0},"end":{"line":217,"column":52}},"217":{"start":{"line":218,"column":0},"end":{"line":218,"column":76}},"218":{"start":{"line":219,"column":0},"end":{"line":219,"column":48}},"219":{"start":{"line":220,"column":0},"end":{"line":220,"column":53}},"220":{"start":{"line":221,"column":0},"end":{"line":221,"column":15}},"221":{"start":{"line":222,"column":0},"end":{"line":222,"column":19}},"222":{"start":{"line":223,"column":0},"end":{"line":223,"column":14}},"223":{"start":{"line":224,"column":0},"end":{"line":224,"column":8}},"224":{"start":{"line":225,"column":0},"end":{"line":225,"column":11}},"225":{"start":{"line":226,"column":0},"end":{"line":226,"column":60}},"226":{"start":{"line":227,"column":0},"end":{"line":227,"column":39}},"227":{"start":{"line":228,"column":0},"end":{"line":228,"column":96}},"228":{"start":{"line":229,"column":0},"end":{"line":229,"column":10}},"229":{"start":{"line":230,"column":0},"end":{"line":230,"column":50}},"230":{"start":{"line":231,"column":0},"end":{"line":231,"column":23}},"231":{"start":{"line":232,"column":0},"end":{"line":232,"column":80}},"232":{"start":{"line":233,"column":0},"end":{"line":233,"column":58}},"233":{"start":{"line":234,"column":0},"end":{"line":234,"column":7}},"234":{"start":{"line":235,"column":0},"end":{"line":235,"column":23}},"235":{"start":{"line":236,"column":0},"end":{"line":236,"column":6}},"236":{"start":{"line":237,"column":0},"end":{"line":237,"column":5}},"238":{"start":{"line":239,"column":0},"end":{"line":239,"column":31}},"239":{"start":{"line":240,"column":0},"end":{"line":240,"column":20}},"240":{"start":{"line":241,"column":0},"end":{"line":241,"column":31}},"244":{"start":{"line":245,"column":0},"end":{"line":245,"column":11}},"245":{"start":{"line":246,"column":0},"end":{"line":246,"column":10}},"246":{"start":{"line":247,"column":0},"end":{"line":247,"column":69}},"247":{"start":{"line":248,"column":0},"end":{"line":248,"column":79}},"248":{"start":{"line":249,"column":0},"end":{"line":249,"column":18}},"249":{"start":{"line":250,"column":0},"end":{"line":250,"column":8}},"250":{"start":{"line":251,"column":0},"end":{"line":251,"column":48}},"251":{"start":{"line":252,"column":0},"end":{"line":252,"column":11}},"252":{"start":{"line":253,"column":0},"end":{"line":253,"column":63}},"253":{"start":{"line":254,"column":0},"end":{"line":254,"column":29}},"254":{"start":{"line":255,"column":0},"end":{"line":255,"column":65}},"255":{"start":{"line":256,"column":0},"end":{"line":256,"column":12}},"256":{"start":{"line":257,"column":0},"end":{"line":257,"column":68}},"257":{"start":{"line":258,"column":0},"end":{"line":258,"column":47}},"258":{"start":{"line":259,"column":0},"end":{"line":259,"column":27}},"259":{"start":{"line":260,"column":0},"end":{"line":260,"column":29}},"260":{"start":{"line":261,"column":0},"end":{"line":261,"column":66}},"261":{"start":{"line":262,"column":0},"end":{"line":262,"column":96}},"262":{"start":{"line":263,"column":0},"end":{"line":263,"column":12}},"263":{"start":{"line":264,"column":0},"end":{"line":264,"column":9}},"264":{"start":{"line":265,"column":0},"end":{"line":265,"column":37}},"265":{"start":{"line":266,"column":0},"end":{"line":266,"column":23}},"266":{"start":{"line":267,"column":0},"end":{"line":267,"column":13}},"267":{"start":{"line":268,"column":0},"end":{"line":268,"column":20}},"268":{"start":{"line":269,"column":0},"end":{"line":269,"column":72}},"269":{"start":{"line":270,"column":0},"end":{"line":270,"column":7}},"271":{"start":{"line":272,"column":0},"end":{"line":272,"column":23}},"272":{"start":{"line":273,"column":0},"end":{"line":273,"column":6}},"273":{"start":{"line":274,"column":0},"end":{"line":274,"column":5}},"275":{"start":{"line":276,"column":0},"end":{"line":276,"column":32}},"276":{"start":{"line":277,"column":0},"end":{"line":277,"column":20}},"277":{"start":{"line":278,"column":0},"end":{"line":278,"column":31}},"281":{"start":{"line":282,"column":0},"end":{"line":282,"column":11}},"282":{"start":{"line":283,"column":0},"end":{"line":283,"column":10}},"283":{"start":{"line":284,"column":0},"end":{"line":284,"column":44}},"284":{"start":{"line":285,"column":0},"end":{"line":285,"column":70}},"285":{"start":{"line":286,"column":0},"end":{"line":286,"column":48}},"286":{"start":{"line":287,"column":0},"end":{"line":287,"column":53}},"287":{"start":{"line":288,"column":0},"end":{"line":288,"column":15}},"288":{"start":{"line":289,"column":0},"end":{"line":289,"column":19}},"289":{"start":{"line":290,"column":0},"end":{"line":290,"column":14}},"290":{"start":{"line":291,"column":0},"end":{"line":291,"column":8}},"291":{"start":{"line":292,"column":0},"end":{"line":292,"column":23}},"292":{"start":{"line":293,"column":0},"end":{"line":293,"column":78}},"293":{"start":{"line":294,"column":0},"end":{"line":294,"column":59}},"294":{"start":{"line":295,"column":0},"end":{"line":295,"column":6}},"295":{"start":{"line":296,"column":0},"end":{"line":296,"column":5}},"296":{"start":{"line":297,"column":0},"end":{"line":297,"column":2}},"298":{"start":{"line":299,"column":0},"end":{"line":299,"column":29}}},"s":{"3":1,"4":1,"12":1,"14":1,"16":1,"17":1,"21":1,"22":1,"23":1,"24":1,"25":1,"26":1,"27":1,"28":1,"29":1,"30":1,"31":1,"32":1,"33":0,"34":0,"35":1,"36":1,"38":1,"42":1,"43":1,"44":1,"45":1,"46":1,"47":1,"48":1,"49":1,"50":1,"51":1,"52":1,"53":0,"55":1,"56":1,"57":0,"58":0,"59":1,"60":1,"62":1,"66":1,"67":1,"68":1,"69":1,"70":1,"71":1,"72":1,"74":1,"75":1,"76":1,"77":1,"78":1,"79":70,"80":1,"81":1,"82":1,"83":0,"84":0,"85":1,"86":1,"88":1,"89":1,"90":1,"95":1,"96":1,"97":1,"98":1,"99":1,"100":1,"101":1,"102":1,"103":1,"104":1,"105":1,"107":1,"108":1,"109":1,"110":1,"112":1,"113":1,"114":1,"115":1,"116":1,"118":1,"119":1,"120":1,"121":0,"122":0,"123":0,"124":1,"125":1,"126":1,"128":1,"129":1,"130":1,"135":1,"136":1,"137":1,"138":1,"139":1,"140":1,"141":1,"142":1,"143":1,"144":1,"145":1,"146":1,"147":1,"148":1,"149":1,"150":1,"151":1,"152":1,"153":1,"154":0,"155":0,"156":0,"157":1,"158":1,"159":1,"161":1,"165":1,"166":1,"167":1,"168":1,"169":1,"170":1,"171":1,"172":1,"173":1,"174":1,"175":1,"176":1,"177":0,"178":0,"179":0,"180":1,"181":1,"183":1,"187":1,"188":1,"189":1,"190":1,"191":1,"192":1,"193":1,"194":1,"195":1,"196":1,"197":1,"198":1,"199":1,"200":1,"201":0,"202":0,"203":0,"204":1,"205":1,"207":1,"208":1,"209":1,"213":1,"214":1,"215":1,"216":1,"217":1,"218":1,"219":1,"220":1,"221":1,"222":1,"223":1,"224":1,"225":1,"226":1,"227":1,"228":1,"229":1,"230":1,"231":0,"232":0,"233":0,"234":1,"235":1,"236":1,"238":1,"239":1,"240":1,"244":1,"245":1,"246":1,"247":1,"248":1,"249":1,"250":1,"251":1,"252":1,"253":1,"254":1,"255":1,"256":1,"257":1,"258":1,"259":0,"260":0,"261":0,"262":0,"263":0,"264":1,"265":1,"266":0,"267":0,"268":0,"269":0,"271":1,"272":1,"273":1,"275":1,"276":1,"277":1,"281":1,"282":1,"283":1,"284":1,"285":1,"286":1,"287":1,"288":1,"289":1,"290":1,"291":1,"292":1,"293":1,"294":1,"295":1,"296":1,"298":1},"branchMap":{"0":{"type":"branch","line":17,"loc":{"start":{"line":17,"column":22},"end":{"line":297,"column":2}},"locations":[{"start":{"line":17,"column":22},"end":{"line":297,"column":2}}]},"1":{"type":"branch","line":22,"loc":{"start":{"line":22,"column":19},"end":{"line":37,"column":3}},"locations":[{"start":{"line":22,"column":19},"end":{"line":37,"column":3}}]},"2":{"type":"branch","line":33,"loc":{"start":{"line":33,"column":4},"end":{"line":35,"column":5}},"locations":[{"start":{"line":33,"column":4},"end":{"line":35,"column":5}}]},"3":{"type":"branch","line":29,"loc":{"start":{"line":29,"column":41},"end":{"line":30,"column":44}},"locations":[{"start":{"line":29,"column":41},"end":{"line":30,"column":44}}]},"4":{"type":"branch","line":43,"loc":{"start":{"line":43,"column":32},"end":{"line":61,"column":3}},"locations":[{"start":{"line":43,"column":32},"end":{"line":61,"column":3}}]},"5":{"type":"branch","line":53,"loc":{"start":{"line":53,"column":66},"end":{"line":54,"column":15}},"locations":[{"start":{"line":53,"column":66},"end":{"line":54,"column":15}}]},"6":{"type":"branch","line":57,"loc":{"start":{"line":57,"column":4},"end":{"line":59,"column":5}},"locations":[{"start":{"line":57,"column":4},"end":{"line":59,"column":5}}]},"7":{"type":"branch","line":53,"loc":{"start":{"line":53,"column":21},"end":{"line":53,"column":66}},"locations":[{"start":{"line":53,"column":21},"end":{"line":53,"column":66}}]},"8":{"type":"branch","line":67,"loc":{"start":{"line":67,"column":37},"end":{"line":87,"column":3}},"locations":[{"start":{"line":67,"column":37},"end":{"line":87,"column":3}}]},"9":{"type":"branch","line":83,"loc":{"start":{"line":83,"column":4},"end":{"line":85,"column":5}},"locations":[{"start":{"line":83,"column":4},"end":{"line":85,"column":5}}]},"10":{"type":"branch","line":79,"loc":{"start":{"line":79,"column":41},"end":{"line":80,"column":44}},"locations":[{"start":{"line":79,"column":41},"end":{"line":80,"column":44}}]},"11":{"type":"branch","line":90,"loc":{"start":{"line":90,"column":13},"end":{"line":126,"column":6}},"locations":[{"start":{"line":90,"column":13},"end":{"line":126,"column":6}}]},"12":{"type":"branch","line":109,"loc":{"start":{"line":109,"column":32},"end":{"line":109,"column":60}},"locations":[{"start":{"line":109,"column":32},"end":{"line":109,"column":60}}]},"13":{"type":"branch","line":121,"loc":{"start":{"line":121,"column":6},"end":{"line":124,"column":7}},"locations":[{"start":{"line":121,"column":6},"end":{"line":124,"column":7}}]},"14":{"type":"branch","line":130,"loc":{"start":{"line":130,"column":13},"end":{"line":159,"column":6}},"locations":[{"start":{"line":130,"column":13},"end":{"line":159,"column":6}}]},"15":{"type":"branch","line":148,"loc":{"start":{"line":148,"column":32},"end":{"line":148,"column":60}},"locations":[{"start":{"line":148,"column":32},"end":{"line":148,"column":60}}]},"16":{"type":"branch","line":154,"loc":{"start":{"line":154,"column":6},"end":{"line":157,"column":7}},"locations":[{"start":{"line":154,"column":6},"end":{"line":157,"column":7}}]},"17":{"type":"branch","line":166,"loc":{"start":{"line":166,"column":37},"end":{"line":182,"column":3}},"locations":[{"start":{"line":166,"column":37},"end":{"line":182,"column":3}}]},"18":{"type":"branch","line":168,"loc":{"start":{"line":168,"column":66},"end":{"line":168,"column":74}},"locations":[{"start":{"line":168,"column":66},"end":{"line":168,"column":74}}]},"19":{"type":"branch","line":172,"loc":{"start":{"line":172,"column":30},"end":{"line":172,"column":58}},"locations":[{"start":{"line":172,"column":30},"end":{"line":172,"column":58}}]},"20":{"type":"branch","line":177,"loc":{"start":{"line":177,"column":4},"end":{"line":180,"column":5}},"locations":[{"start":{"line":177,"column":4},"end":{"line":180,"column":5}}]},"21":{"type":"branch","line":188,"loc":{"start":{"line":188,"column":36},"end":{"line":206,"column":3}},"locations":[{"start":{"line":188,"column":36},"end":{"line":206,"column":3}}]},"22":{"type":"branch","line":190,"loc":{"start":{"line":190,"column":66},"end":{"line":190,"column":74}},"locations":[{"start":{"line":190,"column":66},"end":{"line":190,"column":74}}]},"23":{"type":"branch","line":194,"loc":{"start":{"line":194,"column":30},"end":{"line":194,"column":58}},"locations":[{"start":{"line":194,"column":30},"end":{"line":194,"column":58}}]},"24":{"type":"branch","line":201,"loc":{"start":{"line":201,"column":4},"end":{"line":204,"column":5}},"locations":[{"start":{"line":201,"column":4},"end":{"line":204,"column":5}}]},"25":{"type":"branch","line":209,"loc":{"start":{"line":209,"column":13},"end":{"line":236,"column":6}},"locations":[{"start":{"line":209,"column":13},"end":{"line":236,"column":6}}]},"26":{"type":"branch","line":218,"loc":{"start":{"line":218,"column":68},"end":{"line":218,"column":76}},"locations":[{"start":{"line":218,"column":68},"end":{"line":218,"column":76}}]},"27":{"type":"branch","line":226,"loc":{"start":{"line":226,"column":32},"end":{"line":226,"column":60}},"locations":[{"start":{"line":226,"column":32},"end":{"line":226,"column":60}}]},"28":{"type":"branch","line":231,"loc":{"start":{"line":231,"column":6},"end":{"line":234,"column":7}},"locations":[{"start":{"line":231,"column":6},"end":{"line":234,"column":7}}]},"29":{"type":"branch","line":240,"loc":{"start":{"line":240,"column":13},"end":{"line":273,"column":6}},"locations":[{"start":{"line":240,"column":13},"end":{"line":273,"column":6}}]},"30":{"type":"branch","line":257,"loc":{"start":{"line":257,"column":49},"end":{"line":257,"column":68}},"locations":[{"start":{"line":257,"column":49},"end":{"line":257,"column":68}}]},"31":{"type":"branch","line":259,"loc":{"start":{"line":259,"column":26},"end":{"line":264,"column":9}},"locations":[{"start":{"line":259,"column":26},"end":{"line":264,"column":9}}]},"32":{"type":"branch","line":266,"loc":{"start":{"line":266,"column":6},"end":{"line":270,"column":7}},"locations":[{"start":{"line":266,"column":6},"end":{"line":270,"column":7}}]},"33":{"type":"branch","line":277,"loc":{"start":{"line":277,"column":13},"end":{"line":295,"column":6}},"locations":[{"start":{"line":277,"column":13},"end":{"line":295,"column":6}}]},"34":{"type":"branch","line":293,"loc":{"start":{"line":293,"column":30},"end":{"line":293,"column":78}},"locations":[{"start":{"line":293,"column":30},"end":{"line":293,"column":78}}]}},"b":{"0":[1],"1":[1],"2":[0],"3":[1],"4":[1],"5":[0],"6":[0],"7":[62],"8":[1],"9":[0],"10":[70],"11":[1],"12":[0],"13":[0],"14":[1],"15":[0],"16":[0],"17":[1],"18":[0],"19":[0],"20":[0],"21":[1],"22":[0],"23":[0],"24":[0],"25":[1],"26":[0],"27":[0],"28":[0],"29":[1],"30":[0],"31":[0],"32":[0],"33":[1],"34":[0]},"fnMap":{"0":{"name":"articleRoutes","decl":{"start":{"line":17,"column":22},"end":{"line":297,"column":2}},"loc":{"start":{"line":17,"column":22},"end":{"line":297,"column":2}},"line":17},"1":{"name":"handler","decl":{"start":{"line":90,"column":13},"end":{"line":126,"column":6}},"loc":{"start":{"line":90,"column":13},"end":{"line":126,"column":6}},"line":90},"2":{"name":"handler","decl":{"start":{"line":130,"column":13},"end":{"line":159,"column":6}},"loc":{"start":{"line":130,"column":13},"end":{"line":159,"column":6}},"line":130},"3":{"name":"handler","decl":{"start":{"line":209,"column":13},"end":{"line":236,"column":6}},"loc":{"start":{"line":209,"column":13},"end":{"line":236,"column":6}},"line":209},"4":{"name":"handler","decl":{"start":{"line":240,"column":13},"end":{"line":273,"column":6}},"loc":{"start":{"line":240,"column":13},"end":{"line":273,"column":6}},"line":240},"5":{"name":"handler","decl":{"start":{"line":277,"column":13},"end":{"line":295,"column":6}},"loc":{"start":{"line":277,"column":13},"end":{"line":295,"column":6}},"line":277}},"f":{"0":1,"1":1,"2":1,"3":1,"4":1,"5":1}}
,"/Users/joshuadgilley/Documents/Personal Projects/the-digital-vanguard/server/utils/authentication.ts": {"path":"/Users/joshuadgilley/Documents/Personal Projects/the-digital-vanguard/server/utils/authentication.ts","all":false,"statementMap":{"1":{"start":{"line":2,"column":0},"end":{"line":2,"column":39}},"2":{"start":{"line":3,"column":0},"end":{"line":3,"column":37}},"4":{"start":{"line":5,"column":0},"end":{"line":5,"column":14}},"5":{"start":{"line":6,"column":0},"end":{"line":6,"column":21}},"6":{"start":{"line":7,"column":0},"end":{"line":7,"column":16}},"7":{"start":{"line":8,"column":0},"end":{"line":8,"column":6}},"8":{"start":{"line":9,"column":0},"end":{"line":9,"column":20}},"9":{"start":{"line":10,"column":0},"end":{"line":10,"column":7}},"10":{"start":{"line":11,"column":0},"end":{"line":11,"column":59}},"11":{"start":{"line":12,"column":0},"end":{"line":12,"column":66}},"12":{"start":{"line":13,"column":0},"end":{"line":13,"column":80}},"13":{"start":{"line":14,"column":0},"end":{"line":14,"column":60}},"14":{"start":{"line":15,"column":0},"end":{"line":15,"column":19}},"15":{"start":{"line":16,"column":0},"end":{"line":16,"column":23}},"16":{"start":{"line":17,"column":0},"end":{"line":17,"column":3}},"17":{"start":{"line":18,"column":0},"end":{"line":18,"column":15}},"18":{"start":{"line":19,"column":0},"end":{"line":19,"column":2}}},"s":{"1":1,"2":1,"4":6,"5":6,"6":6,"7":6,"8":6,"9":6,"10":6,"11":6,"12":6,"13":6,"14":6,"15":0,"16":0,"17":6,"18":6},"branchMap":{"0":{"type":"branch","line":3,"loc":{"start":{"line":3,"column":30},"end":{"line":19,"column":2}},"locations":[{"start":{"line":3,"column":30},"end":{"line":19,"column":2}}]},"1":{"type":"branch","line":15,"loc":{"start":{"line":15,"column":2},"end":{"line":17,"column":3}},"locations":[{"start":{"line":15,"column":2},"end":{"line":17,"column":3}}]}},"b":{"0":[6],"1":[0]},"fnMap":{"0":{"name":"validUserCheck","decl":{"start":{"line":3,"column":30},"end":{"line":19,"column":2}},"loc":{"start":{"line":3,"column":30},"end":{"line":19,"column":2}},"line":3}},"f":{"0":6}}
}
