{"/Users/joshuadgilley/Documents/Documents/Personal Projects/tdv/the-digital-vanguard/server/server.ts": {"path":"/Users/joshuadgilley/Documents/Documents/Personal Projects/tdv/the-digital-vanguard/server/server.ts","all":false,"statementMap":{"0":{"start":{"line":1,"column":0},"end":{"line":1,"column":30}},"1":{"start":{"line":2,"column":0},"end":{"line":2,"column":28}},"2":{"start":{"line":3,"column":0},"end":{"line":3,"column":37}},"3":{"start":{"line":4,"column":0},"end":{"line":4,"column":46}},"5":{"start":{"line":6,"column":0},"end":{"line":6,"column":38}},"6":{"start":{"line":7,"column":0},"end":{"line":7,"column":44}},"7":{"start":{"line":8,"column":0},"end":{"line":8,"column":18}},"8":{"start":{"line":9,"column":0},"end":{"line":9,"column":22}},"9":{"start":{"line":10,"column":0},"end":{"line":10,"column":27}},"10":{"start":{"line":11,"column":0},"end":{"line":11,"column":17}},"11":{"start":{"line":12,"column":0},"end":{"line":12,"column":1}},"13":{"start":{"line":14,"column":0},"end":{"line":14,"column":34}},"14":{"start":{"line":15,"column":0},"end":{"line":15,"column":38}},"15":{"start":{"line":16,"column":0},"end":{"line":16,"column":7}},"16":{"start":{"line":17,"column":0},"end":{"line":17,"column":58}},"17":{"start":{"line":18,"column":0},"end":{"line":18,"column":25}},"18":{"start":{"line":19,"column":0},"end":{"line":19,"column":37}},"19":{"start":{"line":20,"column":0},"end":{"line":20,"column":29}},"20":{"start":{"line":21,"column":0},"end":{"line":21,"column":7}},"21":{"start":{"line":22,"column":0},"end":{"line":22,"column":17}},"22":{"start":{"line":23,"column":0},"end":{"line":23,"column":26}},"23":{"start":{"line":24,"column":0},"end":{"line":24,"column":20}},"24":{"start":{"line":25,"column":0},"end":{"line":25,"column":3}},"25":{"start":{"line":26,"column":0},"end":{"line":26,"column":2}},"27":{"start":{"line":28,"column":0},"end":{"line":28,"column":30}},"28":{"start":{"line":29,"column":0},"end":{"line":29,"column":10}},"29":{"start":{"line":30,"column":0},"end":{"line":30,"column":1}},"31":{"start":{"line":32,"column":0},"end":{"line":32,"column":28}}},"s":{"0":1,"1":1,"2":1,"3":1,"5":1,"6":1,"7":1,"8":1,"9":1,"10":1,"11":1,"13":1,"14":0,"15":0,"16":0,"17":0,"18":0,"19":0,"20":0,"21":0,"22":0,"23":0,"24":0,"25":0,"27":1,"28":0,"29":0,"31":1},"branchMap":{"0":{"type":"branch","line":28,"loc":{"start":{"line":28,"column":29},"end":{"line":30,"column":1}},"locations":[{"start":{"line":28,"column":29},"end":{"line":30,"column":1}}]},"1":{"type":"branch","line":6,"loc":{"start":{"line":6,"column":0},"end":{"line":12,"column":1}},"locations":[{"start":{"line":6,"column":0},"end":{"line":12,"column":1}}]}},"b":{"0":[0],"1":[1]},"fnMap":{"0":{"name":"createServer","decl":{"start":{"line":6,"column":0},"end":{"line":12,"column":1}},"loc":{"start":{"line":6,"column":0},"end":{"line":12,"column":1}},"line":6},"1":{"name":"start","decl":{"start":{"line":14,"column":21},"end":{"line":26,"column":2}},"loc":{"start":{"line":14,"column":21},"end":{"line":26,"column":2}},"line":14}},"f":{"0":1,"1":0}}
,"/Users/joshuadgilley/Documents/Documents/Personal Projects/tdv/the-digital-vanguard/server/utils.ts": {"path":"/Users/joshuadgilley/Documents/Documents/Personal Projects/tdv/the-digital-vanguard/server/utils.ts","all":true,"statementMap":{"0":{"start":{"line":1,"column":0},"end":{"line":1,"column":61}},"1":{"start":{"line":2,"column":0},"end":{"line":2,"column":33}},"2":{"start":{"line":3,"column":0},"end":{"line":3,"column":15}},"3":{"start":{"line":4,"column":0},"end":{"line":4,"column":16}},"4":{"start":{"line":5,"column":0},"end":{"line":5,"column":30}},"5":{"start":{"line":6,"column":0},"end":{"line":6,"column":31}},"6":{"start":{"line":7,"column":0},"end":{"line":7,"column":60}},"7":{"start":{"line":8,"column":0},"end":{"line":8,"column":18}},"8":{"start":{"line":9,"column":0},"end":{"line":9,"column":7}},"9":{"start":{"line":10,"column":0},"end":{"line":10,"column":10}},"10":{"start":{"line":11,"column":0},"end":{"line":11,"column":27}},"11":{"start":{"line":12,"column":0},"end":{"line":12,"column":12}},"12":{"start":{"line":13,"column":0},"end":{"line":13,"column":66}},"13":{"start":{"line":14,"column":0},"end":{"line":14,"column":36}},"14":{"start":{"line":15,"column":0},"end":{"line":15,"column":17}},"15":{"start":{"line":16,"column":0},"end":{"line":16,"column":18}},"16":{"start":{"line":17,"column":0},"end":{"line":17,"column":7}},"17":{"start":{"line":18,"column":0},"end":{"line":18,"column":3}},"18":{"start":{"line":19,"column":0},"end":{"line":19,"column":13}},"19":{"start":{"line":20,"column":0},"end":{"line":20,"column":2}},"20":{"start":{"line":21,"column":0},"end":{"line":21,"column":0}},"21":{"start":{"line":22,"column":0},"end":{"line":22,"column":42}},"22":{"start":{"line":23,"column":0},"end":{"line":23,"column":33}},"23":{"start":{"line":24,"column":0},"end":{"line":24,"column":18}},"24":{"start":{"line":25,"column":0},"end":{"line":25,"column":6}},"25":{"start":{"line":26,"column":0},"end":{"line":26,"column":40}},"26":{"start":{"line":27,"column":0},"end":{"line":27,"column":48}},"27":{"start":{"line":28,"column":0},"end":{"line":28,"column":28}},"28":{"start":{"line":29,"column":0},"end":{"line":29,"column":28}},"29":{"start":{"line":30,"column":0},"end":{"line":30,"column":12}},"30":{"start":{"line":31,"column":0},"end":{"line":31,"column":15}},"31":{"start":{"line":32,"column":0},"end":{"line":32,"column":53}},"32":{"start":{"line":33,"column":0},"end":{"line":33,"column":8}},"33":{"start":{"line":34,"column":0},"end":{"line":34,"column":25}},"34":{"start":{"line":35,"column":0},"end":{"line":35,"column":5}},"35":{"start":{"line":36,"column":0},"end":{"line":36,"column":5}},"36":{"start":{"line":37,"column":0},"end":{"line":37,"column":13}},"37":{"start":{"line":38,"column":0},"end":{"line":38,"column":2}}},"s":{"0":0,"1":0,"2":0,"3":0,"4":0,"5":0,"6":0,"7":0,"8":0,"9":0,"10":0,"11":0,"12":0,"13":0,"14":0,"15":0,"16":0,"17":0,"18":0,"19":0,"20":0,"21":0,"22":0,"23":0,"24":0,"25":0,"26":0,"27":0,"28":0,"29":0,"30":0,"31":0,"32":0,"33":0,"34":0,"35":0,"36":0,"37":0},"branchMap":{"0":{"type":"branch","line":1,"loc":{"start":{"line":1,"column":0},"end":{"line":38,"column":2}},"locations":[{"start":{"line":1,"column":0},"end":{"line":38,"column":2}}]}},"b":{"0":[0]},"fnMap":{"0":{"name":"(empty-report)","decl":{"start":{"line":1,"column":0},"end":{"line":38,"column":2}},"loc":{"start":{"line":1,"column":0},"end":{"line":38,"column":2}},"line":1}},"f":{"0":0}}
,"/Users/joshuadgilley/Documents/Documents/Personal Projects/tdv/the-digital-vanguard/server/config/cors.ts": {"path":"/Users/joshuadgilley/Documents/Documents/Personal Projects/tdv/the-digital-vanguard/server/config/cors.ts","all":false,"statementMap":{"3":{"start":{"line":4,"column":0},"end":{"line":4,"column":58}},"4":{"start":{"line":5,"column":0},"end":{"line":5,"column":58}},"5":{"start":{"line":6,"column":0},"end":{"line":6,"column":53}},"6":{"start":{"line":7,"column":0},"end":{"line":7,"column":59}},"7":{"start":{"line":8,"column":0},"end":{"line":8,"column":17}},"8":{"start":{"line":9,"column":0},"end":{"line":9,"column":37}},"9":{"start":{"line":10,"column":0},"end":{"line":10,"column":84}},"10":{"start":{"line":11,"column":0},"end":{"line":11,"column":6}},"11":{"start":{"line":12,"column":0},"end":{"line":12,"column":44}},"12":{"start":{"line":13,"column":0},"end":{"line":13,"column":17}},"13":{"start":{"line":14,"column":0},"end":{"line":14,"column":37}},"14":{"start":{"line":15,"column":0},"end":{"line":15,"column":46}},"15":{"start":{"line":16,"column":0},"end":{"line":16,"column":6}},"16":{"start":{"line":17,"column":0},"end":{"line":17,"column":17}},"17":{"start":{"line":18,"column":0},"end":{"line":18,"column":32}},"18":{"start":{"line":19,"column":0},"end":{"line":19,"column":63}},"19":{"start":{"line":20,"column":0},"end":{"line":20,"column":6}},"20":{"start":{"line":21,"column":0},"end":{"line":21,"column":39}},"21":{"start":{"line":22,"column":0},"end":{"line":22,"column":19}},"22":{"start":{"line":23,"column":0},"end":{"line":23,"column":5}},"23":{"start":{"line":24,"column":0},"end":{"line":24,"column":5}},"24":{"start":{"line":25,"column":0},"end":{"line":25,"column":2}},"26":{"start":{"line":27,"column":0},"end":{"line":27,"column":26}}},"s":{"3":1,"4":1,"5":10,"6":10,"7":10,"8":10,"9":10,"10":10,"11":10,"12":10,"13":10,"14":10,"15":10,"16":10,"17":10,"18":10,"19":10,"20":10,"21":0,"22":0,"23":1,"24":1,"26":1},"branchMap":{"0":{"type":"branch","line":4,"loc":{"start":{"line":4,"column":19},"end":{"line":25,"column":2}},"locations":[{"start":{"line":4,"column":19},"end":{"line":25,"column":2}}]},"1":{"type":"branch","line":5,"loc":{"start":{"line":5,"column":31},"end":{"line":24,"column":3}},"locations":[{"start":{"line":5,"column":31},"end":{"line":24,"column":3}}]},"2":{"type":"branch","line":21,"loc":{"start":{"line":21,"column":38},"end":{"line":23,"column":5}},"locations":[{"start":{"line":21,"column":38},"end":{"line":23,"column":5}}]}},"b":{"0":[1],"1":[10],"2":[0]},"fnMap":{"0":{"name":"handleCors","decl":{"start":{"line":4,"column":19},"end":{"line":25,"column":2}},"loc":{"start":{"line":4,"column":19},"end":{"line":25,"column":2}},"line":4}},"f":{"0":1}}
,"/Users/joshuadgilley/Documents/Documents/Personal Projects/tdv/the-digital-vanguard/server/config/postgres.ts": {"path":"/Users/joshuadgilley/Documents/Documents/Personal Projects/tdv/the-digital-vanguard/server/config/postgres.ts","all":true,"statementMap":{"0":{"start":{"line":1,"column":0},"end":{"line":1,"column":43}},"1":{"start":{"line":2,"column":0},"end":{"line":2,"column":42}},"2":{"start":{"line":3,"column":0},"end":{"line":3,"column":42}},"3":{"start":{"line":4,"column":0},"end":{"line":4,"column":30}},"4":{"start":{"line":5,"column":0},"end":{"line":5,"column":0}},"5":{"start":{"line":6,"column":0},"end":{"line":6,"column":65}},"6":{"start":{"line":7,"column":0},"end":{"line":7,"column":31}},"7":{"start":{"line":8,"column":0},"end":{"line":8,"column":61}},"8":{"start":{"line":9,"column":0},"end":{"line":9,"column":5}},"9":{"start":{"line":10,"column":0},"end":{"line":10,"column":2}},"10":{"start":{"line":11,"column":0},"end":{"line":11,"column":0}},"11":{"start":{"line":12,"column":0},"end":{"line":12,"column":42}}},"s":{"0":0,"1":0,"2":0,"3":0,"4":0,"5":0,"6":0,"7":0,"8":0,"9":0,"10":0,"11":0},"branchMap":{"0":{"type":"branch","line":1,"loc":{"start":{"line":1,"column":0},"end":{"line":12,"column":42}},"locations":[{"start":{"line":1,"column":0},"end":{"line":12,"column":42}}]}},"b":{"0":[0]},"fnMap":{"0":{"name":"(empty-report)","decl":{"start":{"line":1,"column":0},"end":{"line":12,"column":42}},"loc":{"start":{"line":1,"column":0},"end":{"line":12,"column":42}},"line":1}},"f":{"0":0}}
,"/Users/joshuadgilley/Documents/Documents/Personal Projects/tdv/the-digital-vanguard/server/config/register.ts": {"path":"/Users/joshuadgilley/Documents/Documents/Personal Projects/tdv/the-digital-vanguard/server/config/register.ts","all":false,"statementMap":{"2":{"start":{"line":3,"column":0},"end":{"line":3,"column":44}},"3":{"start":{"line":4,"column":0},"end":{"line":4,"column":42}},"5":{"start":{"line":6,"column":0},"end":{"line":6,"column":63}},"6":{"start":{"line":7,"column":0},"end":{"line":7,"column":32}},"7":{"start":{"line":8,"column":0},"end":{"line":8,"column":34}},"8":{"start":{"line":9,"column":0},"end":{"line":9,"column":2}},"10":{"start":{"line":11,"column":0},"end":{"line":11,"column":31}}},"s":{"2":1,"3":1,"5":1,"6":1,"7":1,"8":1,"10":1},"branchMap":{"0":{"type":"branch","line":6,"loc":{"start":{"line":6,"column":24},"end":{"line":9,"column":2}},"locations":[{"start":{"line":6,"column":24},"end":{"line":9,"column":2}}]}},"b":{"0":[1]},"fnMap":{"0":{"name":"fastifyRegister","decl":{"start":{"line":6,"column":24},"end":{"line":9,"column":2}},"loc":{"start":{"line":6,"column":24},"end":{"line":9,"column":2}},"line":6}},"f":{"0":1}}
,"/Users/joshuadgilley/Documents/Documents/Personal Projects/tdv/the-digital-vanguard/server/routes/articles/index.ts": {"path":"/Users/joshuadgilley/Documents/Documents/Personal Projects/tdv/the-digital-vanguard/server/routes/articles/index.ts","all":true,"statementMap":{"0":{"start":{"line":1,"column":0},"end":{"line":1,"column":34}}},"s":{"0":0},"branchMap":{"0":{"type":"branch","line":1,"loc":{"start":{"line":1,"column":0},"end":{"line":1,"column":34}},"locations":[{"start":{"line":1,"column":0},"end":{"line":1,"column":34}}]}},"b":{"0":[0]},"fnMap":{"0":{"name":"(empty-report)","decl":{"start":{"line":1,"column":0},"end":{"line":1,"column":34}},"loc":{"start":{"line":1,"column":0},"end":{"line":1,"column":34}},"line":1}},"f":{"0":0}}
,"/Users/joshuadgilley/Documents/Documents/Personal Projects/tdv/the-digital-vanguard/server/routes/articles/query.ts": {"path":"/Users/joshuadgilley/Documents/Documents/Personal Projects/tdv/the-digital-vanguard/server/routes/articles/query.ts","all":true,"statementMap":{"0":{"start":{"line":1,"column":0},"end":{"line":1,"column":26}},"1":{"start":{"line":2,"column":0},"end":{"line":2,"column":13}},"2":{"start":{"line":3,"column":0},"end":{"line":3,"column":15}},"3":{"start":{"line":4,"column":0},"end":{"line":4,"column":15}},"4":{"start":{"line":5,"column":0},"end":{"line":5,"column":16}},"5":{"start":{"line":6,"column":0},"end":{"line":6,"column":1}},"6":{"start":{"line":7,"column":0},"end":{"line":7,"column":0}},"7":{"start":{"line":8,"column":0},"end":{"line":8,"column":27}},"8":{"start":{"line":9,"column":0},"end":{"line":9,"column":21}},"9":{"start":{"line":10,"column":0},"end":{"line":10,"column":24}},"10":{"start":{"line":11,"column":0},"end":{"line":11,"column":1}},"11":{"start":{"line":12,"column":0},"end":{"line":12,"column":0}},"12":{"start":{"line":13,"column":0},"end":{"line":13,"column":25}},"13":{"start":{"line":14,"column":0},"end":{"line":14,"column":14}},"14":{"start":{"line":15,"column":0},"end":{"line":15,"column":23}},"15":{"start":{"line":16,"column":0},"end":{"line":16,"column":27}},"16":{"start":{"line":17,"column":0},"end":{"line":17,"column":1}},"17":{"start":{"line":18,"column":0},"end":{"line":18,"column":0}},"18":{"start":{"line":19,"column":0},"end":{"line":19,"column":33}},"19":{"start":{"line":20,"column":0},"end":{"line":20,"column":22}},"20":{"start":{"line":21,"column":0},"end":{"line":21,"column":25}},"21":{"start":{"line":22,"column":0},"end":{"line":22,"column":21}},"22":{"start":{"line":23,"column":0},"end":{"line":23,"column":14}},"23":{"start":{"line":24,"column":0},"end":{"line":24,"column":1}},"24":{"start":{"line":25,"column":0},"end":{"line":25,"column":0}},"25":{"start":{"line":26,"column":0},"end":{"line":26,"column":30}},"26":{"start":{"line":27,"column":0},"end":{"line":27,"column":23}},"27":{"start":{"line":28,"column":0},"end":{"line":28,"column":20}},"28":{"start":{"line":29,"column":0},"end":{"line":29,"column":1}},"29":{"start":{"line":30,"column":0},"end":{"line":30,"column":0}},"30":{"start":{"line":31,"column":0},"end":{"line":31,"column":26}},"31":{"start":{"line":32,"column":0},"end":{"line":32,"column":17}},"32":{"start":{"line":33,"column":0},"end":{"line":33,"column":16}},"33":{"start":{"line":34,"column":0},"end":{"line":34,"column":1}}},"s":{"0":0,"1":0,"2":0,"3":0,"4":0,"5":0,"6":0,"7":0,"8":0,"9":0,"10":0,"11":0,"12":0,"13":0,"14":0,"15":0,"16":0,"17":0,"18":0,"19":0,"20":0,"21":0,"22":0,"23":0,"24":0,"25":0,"26":0,"27":0,"28":0,"29":0,"30":0,"31":0,"32":0,"33":0},"branchMap":{"0":{"type":"branch","line":1,"loc":{"start":{"line":1,"column":0},"end":{"line":34,"column":1}},"locations":[{"start":{"line":1,"column":0},"end":{"line":34,"column":1}}]}},"b":{"0":[0]},"fnMap":{"0":{"name":"(empty-report)","decl":{"start":{"line":1,"column":0},"end":{"line":34,"column":1}},"loc":{"start":{"line":1,"column":0},"end":{"line":34,"column":1}},"line":1}},"f":{"0":0}}
,"/Users/joshuadgilley/Documents/Documents/Personal Projects/tdv/the-digital-vanguard/server/routes/articles/route.ts": {"path":"/Users/joshuadgilley/Documents/Documents/Personal Projects/tdv/the-digital-vanguard/server/routes/articles/route.ts","all":false,"statementMap":{"2":{"start":{"line":3,"column":0},"end":{"line":3,"column":39}},"3":{"start":{"line":4,"column":0},"end":{"line":4,"column":36}},"12":{"start":{"line":13,"column":0},"end":{"line":13,"column":50}},"14":{"start":{"line":15,"column":0},"end":{"line":15,"column":60}},"16":{"start":{"line":17,"column":0},"end":{"line":17,"column":67}},"17":{"start":{"line":18,"column":0},"end":{"line":18,"column":15}},"21":{"start":{"line":22,"column":0},"end":{"line":22,"column":47}},"22":{"start":{"line":23,"column":0},"end":{"line":23,"column":46}},"23":{"start":{"line":24,"column":0},"end":{"line":24,"column":9}},"24":{"start":{"line":25,"column":0},"end":{"line":25,"column":61}},"25":{"start":{"line":26,"column":0},"end":{"line":26,"column":31}},"26":{"start":{"line":27,"column":0},"end":{"line":27,"column":11}},"32":{"start":{"line":33,"column":0},"end":{"line":33,"column":34}},"33":{"start":{"line":34,"column":0},"end":{"line":34,"column":10}},"34":{"start":{"line":35,"column":0},"end":{"line":35,"column":49}},"35":{"start":{"line":36,"column":0},"end":{"line":36,"column":44}},"36":{"start":{"line":37,"column":0},"end":{"line":37,"column":8}},"37":{"start":{"line":38,"column":0},"end":{"line":38,"column":62}},"38":{"start":{"line":39,"column":0},"end":{"line":39,"column":21}},"39":{"start":{"line":40,"column":0},"end":{"line":40,"column":25}},"40":{"start":{"line":41,"column":0},"end":{"line":41,"column":51}},"41":{"start":{"line":42,"column":0},"end":{"line":42,"column":5}},"42":{"start":{"line":43,"column":0},"end":{"line":43,"column":21}},"43":{"start":{"line":44,"column":0},"end":{"line":44,"column":5}},"45":{"start":{"line":46,"column":0},"end":{"line":46,"column":15}},"49":{"start":{"line":50,"column":0},"end":{"line":50,"column":59}},"50":{"start":{"line":51,"column":0},"end":{"line":51,"column":42}},"52":{"start":{"line":53,"column":0},"end":{"line":53,"column":9}},"53":{"start":{"line":54,"column":0},"end":{"line":54,"column":61}},"54":{"start":{"line":55,"column":0},"end":{"line":55,"column":31}},"55":{"start":{"line":56,"column":0},"end":{"line":56,"column":11}},"64":{"start":{"line":65,"column":0},"end":{"line":65,"column":18}},"65":{"start":{"line":66,"column":0},"end":{"line":66,"column":10}},"67":{"start":{"line":68,"column":0},"end":{"line":68,"column":31}},"68":{"start":{"line":69,"column":0},"end":{"line":69,"column":23}},"69":{"start":{"line":70,"column":0},"end":{"line":70,"column":67}},"70":{"start":{"line":71,"column":0},"end":{"line":71,"column":15}},"72":{"start":{"line":73,"column":0},"end":{"line":73,"column":62}},"73":{"start":{"line":74,"column":0},"end":{"line":74,"column":21}},"74":{"start":{"line":75,"column":0},"end":{"line":75,"column":31}},"75":{"start":{"line":76,"column":0},"end":{"line":76,"column":51}},"76":{"start":{"line":77,"column":0},"end":{"line":77,"column":5}},"77":{"start":{"line":78,"column":0},"end":{"line":78,"column":5}},"79":{"start":{"line":80,"column":0},"end":{"line":80,"column":15}},"83":{"start":{"line":84,"column":0},"end":{"line":84,"column":64}},"84":{"start":{"line":85,"column":0},"end":{"line":85,"column":58}},"85":{"start":{"line":86,"column":0},"end":{"line":86,"column":46}},"86":{"start":{"line":87,"column":0},"end":{"line":87,"column":9}},"87":{"start":{"line":88,"column":0},"end":{"line":88,"column":61}},"88":{"start":{"line":89,"column":0},"end":{"line":89,"column":27}},"89":{"start":{"line":90,"column":0},"end":{"line":90,"column":90}},"96":{"start":{"line":97,"column":0},"end":{"line":97,"column":29}},"97":{"start":{"line":98,"column":0},"end":{"line":98,"column":10}},"98":{"start":{"line":99,"column":0},"end":{"line":99,"column":49}},"99":{"start":{"line":100,"column":0},"end":{"line":100,"column":44}},"100":{"start":{"line":101,"column":0},"end":{"line":101,"column":8}},"101":{"start":{"line":102,"column":0},"end":{"line":102,"column":62}},"102":{"start":{"line":103,"column":0},"end":{"line":103,"column":21}},"103":{"start":{"line":104,"column":0},"end":{"line":104,"column":25}},"104":{"start":{"line":105,"column":0},"end":{"line":105,"column":51}},"105":{"start":{"line":106,"column":0},"end":{"line":106,"column":5}},"106":{"start":{"line":107,"column":0},"end":{"line":107,"column":21}},"107":{"start":{"line":108,"column":0},"end":{"line":108,"column":5}},"109":{"start":{"line":110,"column":0},"end":{"line":110,"column":15}},"113":{"start":{"line":114,"column":0},"end":{"line":114,"column":59}},"114":{"start":{"line":115,"column":0},"end":{"line":115,"column":46}},"115":{"start":{"line":116,"column":0},"end":{"line":116,"column":46}},"116":{"start":{"line":117,"column":0},"end":{"line":117,"column":9}},"117":{"start":{"line":118,"column":0},"end":{"line":118,"column":61}},"118":{"start":{"line":119,"column":0},"end":{"line":119,"column":27}},"119":{"start":{"line":120,"column":0},"end":{"line":120,"column":62}},"120":{"start":{"line":121,"column":0},"end":{"line":121,"column":21}},"121":{"start":{"line":122,"column":0},"end":{"line":122,"column":10}},"122":{"start":{"line":123,"column":0},"end":{"line":123,"column":49}},"123":{"start":{"line":124,"column":0},"end":{"line":124,"column":21}},"124":{"start":{"line":125,"column":0},"end":{"line":125,"column":25}},"125":{"start":{"line":126,"column":0},"end":{"line":126,"column":51}},"126":{"start":{"line":127,"column":0},"end":{"line":127,"column":5}},"127":{"start":{"line":128,"column":0},"end":{"line":128,"column":21}},"128":{"start":{"line":129,"column":0},"end":{"line":129,"column":5}},"130":{"start":{"line":131,"column":0},"end":{"line":131,"column":16}},"134":{"start":{"line":135,"column":0},"end":{"line":135,"column":50}},"135":{"start":{"line":136,"column":0},"end":{"line":136,"column":42}},"136":{"start":{"line":137,"column":0},"end":{"line":137,"column":68}},"137":{"start":{"line":138,"column":0},"end":{"line":138,"column":74}},"138":{"start":{"line":139,"column":0},"end":{"line":139,"column":46}},"139":{"start":{"line":140,"column":0},"end":{"line":140,"column":79}},"141":{"start":{"line":142,"column":0},"end":{"line":142,"column":9}},"142":{"start":{"line":143,"column":0},"end":{"line":143,"column":62}},"144":{"start":{"line":145,"column":0},"end":{"line":145,"column":42}},"145":{"start":{"line":146,"column":0},"end":{"line":146,"column":9}},"150":{"start":{"line":151,"column":0},"end":{"line":151,"column":62}},"151":{"start":{"line":152,"column":0},"end":{"line":152,"column":8}},"153":{"start":{"line":154,"column":0},"end":{"line":154,"column":53}},"154":{"start":{"line":155,"column":0},"end":{"line":155,"column":21}},"155":{"start":{"line":156,"column":0},"end":{"line":156,"column":31}},"156":{"start":{"line":157,"column":0},"end":{"line":157,"column":31}},"157":{"start":{"line":158,"column":0},"end":{"line":158,"column":56}},"158":{"start":{"line":159,"column":0},"end":{"line":159,"column":14}},"159":{"start":{"line":160,"column":0},"end":{"line":160,"column":53}},"160":{"start":{"line":161,"column":0},"end":{"line":161,"column":7}},"161":{"start":{"line":162,"column":0},"end":{"line":162,"column":15}},"162":{"start":{"line":163,"column":0},"end":{"line":163,"column":23}},"163":{"start":{"line":164,"column":0},"end":{"line":164,"column":5}},"164":{"start":{"line":165,"column":0},"end":{"line":165,"column":5}},"166":{"start":{"line":167,"column":0},"end":{"line":167,"column":48}},"167":{"start":{"line":168,"column":0},"end":{"line":168,"column":20}},"168":{"start":{"line":169,"column":0},"end":{"line":169,"column":31}},"173":{"start":{"line":174,"column":0},"end":{"line":174,"column":11}},"174":{"start":{"line":175,"column":0},"end":{"line":175,"column":10}},"175":{"start":{"line":176,"column":0},"end":{"line":176,"column":60}},"176":{"start":{"line":177,"column":0},"end":{"line":177,"column":69}},"177":{"start":{"line":178,"column":0},"end":{"line":178,"column":55}},"178":{"start":{"line":179,"column":0},"end":{"line":179,"column":48}},"179":{"start":{"line":180,"column":0},"end":{"line":180,"column":53}},"180":{"start":{"line":181,"column":0},"end":{"line":181,"column":15}},"181":{"start":{"line":182,"column":0},"end":{"line":182,"column":19}},"182":{"start":{"line":183,"column":0},"end":{"line":183,"column":14}},"183":{"start":{"line":184,"column":0},"end":{"line":184,"column":8}},"184":{"start":{"line":185,"column":0},"end":{"line":185,"column":11}},"185":{"start":{"line":186,"column":0},"end":{"line":186,"column":60}},"186":{"start":{"line":187,"column":0},"end":{"line":187,"column":44}},"187":{"start":{"line":188,"column":0},"end":{"line":188,"column":66}},"189":{"start":{"line":190,"column":0},"end":{"line":190,"column":46}},"190":{"start":{"line":191,"column":0},"end":{"line":191,"column":10}},"191":{"start":{"line":192,"column":0},"end":{"line":192,"column":80}},"192":{"start":{"line":193,"column":0},"end":{"line":193,"column":23}},"193":{"start":{"line":194,"column":0},"end":{"line":194,"column":27}},"194":{"start":{"line":195,"column":0},"end":{"line":195,"column":80}},"195":{"start":{"line":196,"column":0},"end":{"line":196,"column":61}},"196":{"start":{"line":197,"column":0},"end":{"line":197,"column":7}},"197":{"start":{"line":198,"column":0},"end":{"line":198,"column":23}},"198":{"start":{"line":199,"column":0},"end":{"line":199,"column":6}},"199":{"start":{"line":200,"column":0},"end":{"line":200,"column":5}},"201":{"start":{"line":202,"column":0},"end":{"line":202,"column":70}},"202":{"start":{"line":203,"column":0},"end":{"line":203,"column":20}},"203":{"start":{"line":204,"column":0},"end":{"line":204,"column":31}},"208":{"start":{"line":209,"column":0},"end":{"line":209,"column":11}},"209":{"start":{"line":210,"column":0},"end":{"line":210,"column":10}},"210":{"start":{"line":211,"column":0},"end":{"line":211,"column":60}},"211":{"start":{"line":212,"column":0},"end":{"line":212,"column":70}},"212":{"start":{"line":213,"column":0},"end":{"line":213,"column":43}},"214":{"start":{"line":215,"column":0},"end":{"line":215,"column":48}},"216":{"start":{"line":217,"column":0},"end":{"line":217,"column":11}},"217":{"start":{"line":218,"column":0},"end":{"line":218,"column":55}},"218":{"start":{"line":219,"column":0},"end":{"line":219,"column":17}},"219":{"start":{"line":220,"column":0},"end":{"line":220,"column":21}},"220":{"start":{"line":221,"column":0},"end":{"line":221,"column":16}},"221":{"start":{"line":222,"column":0},"end":{"line":222,"column":10}},"222":{"start":{"line":223,"column":0},"end":{"line":223,"column":33}},"223":{"start":{"line":224,"column":0},"end":{"line":224,"column":65}},"224":{"start":{"line":225,"column":0},"end":{"line":225,"column":9}},"226":{"start":{"line":227,"column":0},"end":{"line":227,"column":30}},"228":{"start":{"line":229,"column":0},"end":{"line":229,"column":31}},"230":{"start":{"line":231,"column":0},"end":{"line":231,"column":27}},"231":{"start":{"line":232,"column":0},"end":{"line":232,"column":84}},"232":{"start":{"line":233,"column":0},"end":{"line":233,"column":42}},"233":{"start":{"line":234,"column":0},"end":{"line":234,"column":16}},"234":{"start":{"line":235,"column":0},"end":{"line":235,"column":96}},"235":{"start":{"line":236,"column":0},"end":{"line":236,"column":49}},"236":{"start":{"line":237,"column":0},"end":{"line":237,"column":9}},"238":{"start":{"line":239,"column":0},"end":{"line":239,"column":68}},"240":{"start":{"line":241,"column":0},"end":{"line":241,"column":64}},"241":{"start":{"line":242,"column":0},"end":{"line":242,"column":23}},"242":{"start":{"line":243,"column":0},"end":{"line":243,"column":63}},"243":{"start":{"line":244,"column":0},"end":{"line":244,"column":56}},"244":{"start":{"line":245,"column":0},"end":{"line":245,"column":17}},"245":{"start":{"line":246,"column":0},"end":{"line":246,"column":25}},"246":{"start":{"line":247,"column":0},"end":{"line":247,"column":7}},"247":{"start":{"line":248,"column":0},"end":{"line":248,"column":6}},"248":{"start":{"line":249,"column":0},"end":{"line":249,"column":5}},"250":{"start":{"line":251,"column":0},"end":{"line":251,"column":18}},"254":{"start":{"line":255,"column":0},"end":{"line":255,"column":64}},"255":{"start":{"line":256,"column":0},"end":{"line":256,"column":58}},"256":{"start":{"line":257,"column":0},"end":{"line":257,"column":74}},"257":{"start":{"line":258,"column":0},"end":{"line":258,"column":46}},"258":{"start":{"line":259,"column":0},"end":{"line":259,"column":79}},"259":{"start":{"line":260,"column":0},"end":{"line":260,"column":9}},"260":{"start":{"line":261,"column":0},"end":{"line":261,"column":58}},"261":{"start":{"line":262,"column":0},"end":{"line":262,"column":37}},"262":{"start":{"line":263,"column":0},"end":{"line":263,"column":54}},"263":{"start":{"line":264,"column":0},"end":{"line":264,"column":19}},"264":{"start":{"line":265,"column":0},"end":{"line":265,"column":8}},"265":{"start":{"line":266,"column":0},"end":{"line":266,"column":48}},"266":{"start":{"line":267,"column":0},"end":{"line":267,"column":21}},"267":{"start":{"line":268,"column":0},"end":{"line":268,"column":25}},"268":{"start":{"line":269,"column":0},"end":{"line":269,"column":78}},"269":{"start":{"line":270,"column":0},"end":{"line":270,"column":56}},"270":{"start":{"line":271,"column":0},"end":{"line":271,"column":5}},"271":{"start":{"line":272,"column":0},"end":{"line":272,"column":21}},"272":{"start":{"line":273,"column":0},"end":{"line":273,"column":5}},"274":{"start":{"line":275,"column":0},"end":{"line":275,"column":18}},"278":{"start":{"line":279,"column":0},"end":{"line":279,"column":63}},"279":{"start":{"line":280,"column":0},"end":{"line":280,"column":57}},"280":{"start":{"line":281,"column":0},"end":{"line":281,"column":74}},"281":{"start":{"line":282,"column":0},"end":{"line":282,"column":46}},"282":{"start":{"line":283,"column":0},"end":{"line":283,"column":79}},"283":{"start":{"line":284,"column":0},"end":{"line":284,"column":9}},"284":{"start":{"line":285,"column":0},"end":{"line":285,"column":58}},"285":{"start":{"line":286,"column":0},"end":{"line":286,"column":17}},"286":{"start":{"line":287,"column":0},"end":{"line":287,"column":28}},"287":{"start":{"line":288,"column":0},"end":{"line":288,"column":74}},"288":{"start":{"line":289,"column":0},"end":{"line":289,"column":19}},"289":{"start":{"line":290,"column":0},"end":{"line":290,"column":12}},"290":{"start":{"line":291,"column":0},"end":{"line":291,"column":48}},"291":{"start":{"line":292,"column":0},"end":{"line":292,"column":21}},"292":{"start":{"line":293,"column":0},"end":{"line":293,"column":25}},"293":{"start":{"line":294,"column":0},"end":{"line":294,"column":78}},"294":{"start":{"line":295,"column":0},"end":{"line":295,"column":56}},"295":{"start":{"line":296,"column":0},"end":{"line":296,"column":5}},"296":{"start":{"line":297,"column":0},"end":{"line":297,"column":21}},"297":{"start":{"line":298,"column":0},"end":{"line":298,"column":5}},"299":{"start":{"line":300,"column":0},"end":{"line":300,"column":47}},"300":{"start":{"line":301,"column":0},"end":{"line":301,"column":20}},"301":{"start":{"line":302,"column":0},"end":{"line":302,"column":31}},"305":{"start":{"line":306,"column":0},"end":{"line":306,"column":11}},"306":{"start":{"line":307,"column":0},"end":{"line":307,"column":10}},"307":{"start":{"line":308,"column":0},"end":{"line":308,"column":60}},"308":{"start":{"line":309,"column":0},"end":{"line":309,"column":52}},"309":{"start":{"line":310,"column":0},"end":{"line":310,"column":76}},"310":{"start":{"line":311,"column":0},"end":{"line":311,"column":48}},"311":{"start":{"line":312,"column":0},"end":{"line":312,"column":53}},"312":{"start":{"line":313,"column":0},"end":{"line":313,"column":15}},"313":{"start":{"line":314,"column":0},"end":{"line":314,"column":19}},"314":{"start":{"line":315,"column":0},"end":{"line":315,"column":14}},"315":{"start":{"line":316,"column":0},"end":{"line":316,"column":8}},"316":{"start":{"line":317,"column":0},"end":{"line":317,"column":11}},"317":{"start":{"line":318,"column":0},"end":{"line":318,"column":60}},"318":{"start":{"line":319,"column":0},"end":{"line":319,"column":39}},"319":{"start":{"line":320,"column":0},"end":{"line":320,"column":72}},"320":{"start":{"line":321,"column":0},"end":{"line":321,"column":33}},"321":{"start":{"line":322,"column":0},"end":{"line":322,"column":10}},"322":{"start":{"line":323,"column":0},"end":{"line":323,"column":50}},"323":{"start":{"line":324,"column":0},"end":{"line":324,"column":23}},"324":{"start":{"line":325,"column":0},"end":{"line":325,"column":27}},"325":{"start":{"line":326,"column":0},"end":{"line":326,"column":80}},"326":{"start":{"line":327,"column":0},"end":{"line":327,"column":58}},"327":{"start":{"line":328,"column":0},"end":{"line":328,"column":7}},"328":{"start":{"line":329,"column":0},"end":{"line":329,"column":23}},"329":{"start":{"line":330,"column":0},"end":{"line":330,"column":6}},"330":{"start":{"line":331,"column":0},"end":{"line":331,"column":5}},"332":{"start":{"line":333,"column":0},"end":{"line":333,"column":59}},"333":{"start":{"line":334,"column":0},"end":{"line":334,"column":20}},"334":{"start":{"line":335,"column":0},"end":{"line":335,"column":31}},"338":{"start":{"line":339,"column":0},"end":{"line":339,"column":11}},"339":{"start":{"line":340,"column":0},"end":{"line":340,"column":10}},"340":{"start":{"line":341,"column":0},"end":{"line":341,"column":60}},"341":{"start":{"line":342,"column":0},"end":{"line":342,"column":41}},"342":{"start":{"line":343,"column":0},"end":{"line":343,"column":76}},"343":{"start":{"line":344,"column":0},"end":{"line":344,"column":48}},"344":{"start":{"line":345,"column":0},"end":{"line":345,"column":53}},"345":{"start":{"line":346,"column":0},"end":{"line":346,"column":15}},"346":{"start":{"line":347,"column":0},"end":{"line":347,"column":19}},"347":{"start":{"line":348,"column":0},"end":{"line":348,"column":14}},"348":{"start":{"line":349,"column":0},"end":{"line":349,"column":8}},"349":{"start":{"line":350,"column":0},"end":{"line":350,"column":11}},"350":{"start":{"line":351,"column":0},"end":{"line":351,"column":60}},"351":{"start":{"line":352,"column":0},"end":{"line":352,"column":39}},"352":{"start":{"line":353,"column":0},"end":{"line":353,"column":26}},"354":{"start":{"line":355,"column":0},"end":{"line":355,"column":66}},"355":{"start":{"line":356,"column":0},"end":{"line":356,"column":32}},"356":{"start":{"line":357,"column":0},"end":{"line":357,"column":10}},"357":{"start":{"line":358,"column":0},"end":{"line":358,"column":50}},"358":{"start":{"line":359,"column":0},"end":{"line":359,"column":23}},"359":{"start":{"line":360,"column":0},"end":{"line":360,"column":27}},"360":{"start":{"line":361,"column":0},"end":{"line":361,"column":80}},"361":{"start":{"line":362,"column":0},"end":{"line":362,"column":58}},"362":{"start":{"line":363,"column":0},"end":{"line":363,"column":7}},"363":{"start":{"line":364,"column":0},"end":{"line":364,"column":23}},"364":{"start":{"line":365,"column":0},"end":{"line":365,"column":6}},"365":{"start":{"line":366,"column":0},"end":{"line":366,"column":5}},"367":{"start":{"line":368,"column":0},"end":{"line":368,"column":15}},"371":{"start":{"line":372,"column":0},"end":{"line":372,"column":77}},"372":{"start":{"line":373,"column":0},"end":{"line":373,"column":73}},"373":{"start":{"line":374,"column":0},"end":{"line":374,"column":62}},"374":{"start":{"line":375,"column":0},"end":{"line":375,"column":74}},"376":{"start":{"line":377,"column":0},"end":{"line":377,"column":46}},"377":{"start":{"line":378,"column":0},"end":{"line":378,"column":79}},"379":{"start":{"line":380,"column":0},"end":{"line":380,"column":9}},"380":{"start":{"line":381,"column":0},"end":{"line":381,"column":62}},"383":{"start":{"line":384,"column":0},"end":{"line":384,"column":72}},"384":{"start":{"line":385,"column":0},"end":{"line":385,"column":50}},"385":{"start":{"line":386,"column":0},"end":{"line":386,"column":65}},"386":{"start":{"line":387,"column":0},"end":{"line":387,"column":15}},"387":{"start":{"line":388,"column":0},"end":{"line":388,"column":7}},"389":{"start":{"line":390,"column":0},"end":{"line":390,"column":37}},"390":{"start":{"line":391,"column":0},"end":{"line":391,"column":9}},"392":{"start":{"line":393,"column":0},"end":{"line":393,"column":29}},"397":{"start":{"line":398,"column":0},"end":{"line":398,"column":53}},"398":{"start":{"line":399,"column":0},"end":{"line":399,"column":8}},"400":{"start":{"line":401,"column":0},"end":{"line":401,"column":48}},"401":{"start":{"line":402,"column":0},"end":{"line":402,"column":21}},"402":{"start":{"line":403,"column":0},"end":{"line":403,"column":31}},"403":{"start":{"line":404,"column":0},"end":{"line":404,"column":31}},"404":{"start":{"line":405,"column":0},"end":{"line":405,"column":56}},"405":{"start":{"line":406,"column":0},"end":{"line":406,"column":14}},"406":{"start":{"line":407,"column":0},"end":{"line":407,"column":53}},"407":{"start":{"line":408,"column":0},"end":{"line":408,"column":7}},"408":{"start":{"line":409,"column":0},"end":{"line":409,"column":15}},"409":{"start":{"line":410,"column":0},"end":{"line":410,"column":23}},"410":{"start":{"line":411,"column":0},"end":{"line":411,"column":5}},"411":{"start":{"line":412,"column":0},"end":{"line":412,"column":5}},"413":{"start":{"line":414,"column":0},"end":{"line":414,"column":31}},"414":{"start":{"line":415,"column":0},"end":{"line":415,"column":20}},"415":{"start":{"line":416,"column":0},"end":{"line":416,"column":31}},"419":{"start":{"line":420,"column":0},"end":{"line":420,"column":11}},"420":{"start":{"line":421,"column":0},"end":{"line":421,"column":10}},"421":{"start":{"line":422,"column":0},"end":{"line":422,"column":69}},"422":{"start":{"line":423,"column":0},"end":{"line":423,"column":79}},"423":{"start":{"line":424,"column":0},"end":{"line":424,"column":18}},"424":{"start":{"line":425,"column":0},"end":{"line":425,"column":8}},"426":{"start":{"line":427,"column":0},"end":{"line":427,"column":48}},"427":{"start":{"line":428,"column":0},"end":{"line":428,"column":11}},"429":{"start":{"line":430,"column":0},"end":{"line":430,"column":77}},"430":{"start":{"line":431,"column":0},"end":{"line":431,"column":56}},"431":{"start":{"line":432,"column":0},"end":{"line":432,"column":17}},"432":{"start":{"line":433,"column":0},"end":{"line":433,"column":10}},"435":{"start":{"line":436,"column":0},"end":{"line":436,"column":68}},"436":{"start":{"line":437,"column":0},"end":{"line":437,"column":47}},"438":{"start":{"line":439,"column":0},"end":{"line":439,"column":27}},"440":{"start":{"line":441,"column":0},"end":{"line":441,"column":29}},"441":{"start":{"line":442,"column":0},"end":{"line":442,"column":93}},"442":{"start":{"line":443,"column":0},"end":{"line":443,"column":68}},"443":{"start":{"line":444,"column":0},"end":{"line":444,"column":12}},"444":{"start":{"line":445,"column":0},"end":{"line":445,"column":9}},"446":{"start":{"line":447,"column":0},"end":{"line":447,"column":37}},"447":{"start":{"line":448,"column":0},"end":{"line":448,"column":23}},"448":{"start":{"line":449,"column":0},"end":{"line":449,"column":27}},"449":{"start":{"line":450,"column":0},"end":{"line":450,"column":13}},"450":{"start":{"line":451,"column":0},"end":{"line":451,"column":20}},"451":{"start":{"line":452,"column":0},"end":{"line":452,"column":72}},"452":{"start":{"line":453,"column":0},"end":{"line":453,"column":17}},"453":{"start":{"line":454,"column":0},"end":{"line":454,"column":25}},"454":{"start":{"line":455,"column":0},"end":{"line":455,"column":7}},"455":{"start":{"line":456,"column":0},"end":{"line":456,"column":6}},"456":{"start":{"line":457,"column":0},"end":{"line":457,"column":5}},"458":{"start":{"line":459,"column":0},"end":{"line":459,"column":32}},"459":{"start":{"line":460,"column":0},"end":{"line":460,"column":20}},"460":{"start":{"line":461,"column":0},"end":{"line":461,"column":31}},"464":{"start":{"line":465,"column":0},"end":{"line":465,"column":11}},"465":{"start":{"line":466,"column":0},"end":{"line":466,"column":10}},"466":{"start":{"line":467,"column":0},"end":{"line":467,"column":44}},"467":{"start":{"line":468,"column":0},"end":{"line":468,"column":70}},"468":{"start":{"line":469,"column":0},"end":{"line":469,"column":48}},"469":{"start":{"line":470,"column":0},"end":{"line":470,"column":53}},"470":{"start":{"line":471,"column":0},"end":{"line":471,"column":15}},"471":{"start":{"line":472,"column":0},"end":{"line":472,"column":19}},"472":{"start":{"line":473,"column":0},"end":{"line":473,"column":14}},"473":{"start":{"line":474,"column":0},"end":{"line":474,"column":8}},"474":{"start":{"line":475,"column":0},"end":{"line":475,"column":23}},"475":{"start":{"line":476,"column":0},"end":{"line":476,"column":78}},"476":{"start":{"line":477,"column":0},"end":{"line":477,"column":59}},"477":{"start":{"line":478,"column":0},"end":{"line":478,"column":6}},"478":{"start":{"line":479,"column":0},"end":{"line":479,"column":5}},"481":{"start":{"line":482,"column":0},"end":{"line":482,"column":15}},"485":{"start":{"line":486,"column":0},"end":{"line":486,"column":58}},"486":{"start":{"line":487,"column":0},"end":{"line":487,"column":46}},"487":{"start":{"line":488,"column":0},"end":{"line":488,"column":46}},"488":{"start":{"line":489,"column":0},"end":{"line":489,"column":9}},"489":{"start":{"line":490,"column":0},"end":{"line":490,"column":61}},"490":{"start":{"line":491,"column":0},"end":{"line":491,"column":27}},"491":{"start":{"line":492,"column":0},"end":{"line":492,"column":34}},"495":{"start":{"line":496,"column":0},"end":{"line":496,"column":21}},"496":{"start":{"line":497,"column":0},"end":{"line":497,"column":10}},"497":{"start":{"line":498,"column":0},"end":{"line":498,"column":11}},"498":{"start":{"line":499,"column":0},"end":{"line":499,"column":18}},"499":{"start":{"line":500,"column":0},"end":{"line":500,"column":14}},"500":{"start":{"line":501,"column":0},"end":{"line":501,"column":78}},"501":{"start":{"line":502,"column":0},"end":{"line":502,"column":10}},"502":{"start":{"line":503,"column":0},"end":{"line":503,"column":21}},"503":{"start":{"line":504,"column":0},"end":{"line":504,"column":25}},"504":{"start":{"line":505,"column":0},"end":{"line":505,"column":51}},"505":{"start":{"line":506,"column":0},"end":{"line":506,"column":5}},"506":{"start":{"line":507,"column":0},"end":{"line":507,"column":21}},"507":{"start":{"line":508,"column":0},"end":{"line":508,"column":5}},"508":{"start":{"line":509,"column":0},"end":{"line":509,"column":2}},"510":{"start":{"line":511,"column":0},"end":{"line":511,"column":29}}},"s":{"2":1,"3":1,"12":1,"14":1,"16":1,"17":1,"21":1,"22":1,"23":1,"24":1,"25":1,"26":1,"32":1,"33":1,"34":1,"35":2,"36":1,"37":1,"38":1,"39":0,"40":0,"41":0,"42":1,"43":1,"45":1,"49":1,"50":1,"52":1,"53":1,"54":1,"55":1,"64":1,"65":1,"67":1,"68":1,"69":1,"70":0,"72":1,"73":1,"74":0,"75":0,"76":0,"77":1,"79":1,"83":1,"84":1,"85":1,"86":1,"87":1,"88":1,"89":1,"96":1,"97":1,"98":1,"99":81,"100":1,"101":1,"102":1,"103":0,"104":0,"105":0,"106":1,"107":1,"109":1,"113":1,"114":0,"115":0,"116":0,"117":0,"118":0,"119":0,"120":0,"121":0,"122":0,"123":0,"124":0,"125":0,"126":0,"127":0,"128":1,"130":1,"134":1,"135":1,"136":1,"137":1,"138":1,"139":1,"141":1,"142":1,"144":1,"145":1,"150":1,"151":1,"153":1,"154":1,"155":0,"156":0,"157":0,"158":0,"159":0,"160":0,"161":1,"162":1,"163":1,"164":1,"166":1,"167":1,"168":1,"173":1,"174":1,"175":1,"176":1,"177":1,"178":1,"179":1,"180":1,"181":1,"182":1,"183":1,"184":1,"185":1,"186":1,"187":1,"189":1,"190":1,"191":1,"192":1,"193":0,"194":0,"195":0,"196":0,"197":1,"198":1,"199":1,"201":1,"202":1,"203":0,"208":0,"209":0,"210":0,"211":0,"212":0,"214":0,"216":0,"217":0,"218":0,"219":0,"220":0,"221":0,"222":0,"223":0,"224":0,"226":0,"228":0,"230":0,"231":0,"232":0,"233":0,"234":0,"235":0,"236":0,"238":0,"240":0,"241":0,"242":0,"243":0,"244":0,"245":0,"246":0,"247":0,"248":1,"250":1,"254":1,"255":1,"256":1,"257":1,"258":1,"259":1,"260":1,"261":1,"262":1,"263":1,"264":1,"265":1,"266":1,"267":0,"268":0,"269":0,"270":0,"271":1,"272":1,"274":1,"278":1,"279":1,"280":1,"281":1,"282":1,"283":1,"284":1,"285":1,"286":1,"287":1,"288":1,"289":1,"290":1,"291":1,"292":0,"293":0,"294":0,"295":0,"296":1,"297":1,"299":1,"300":1,"301":1,"305":1,"306":1,"307":1,"308":1,"309":1,"310":1,"311":1,"312":1,"313":1,"314":1,"315":1,"316":1,"317":1,"318":1,"319":1,"320":1,"321":1,"322":1,"323":1,"324":0,"325":0,"326":0,"327":0,"328":1,"329":1,"330":1,"332":1,"333":1,"334":0,"338":0,"339":0,"340":0,"341":0,"342":0,"343":0,"344":0,"345":0,"346":0,"347":0,"348":0,"349":0,"350":0,"351":0,"352":0,"354":0,"355":0,"356":0,"357":0,"358":0,"359":0,"360":0,"361":0,"362":0,"363":0,"364":0,"365":1,"367":1,"371":1,"372":0,"373":0,"374":0,"376":0,"377":0,"379":0,"380":0,"383":0,"384":0,"385":0,"386":0,"387":0,"389":0,"390":0,"392":0,"397":0,"398":0,"400":0,"401":0,"402":0,"403":0,"404":0,"405":0,"406":0,"407":0,"408":0,"409":0,"410":0,"411":1,"413":1,"414":1,"415":1,"419":1,"420":1,"421":1,"422":1,"423":1,"424":1,"426":1,"427":1,"429":1,"430":1,"431":1,"432":1,"435":1,"436":1,"438":1,"440":0,"441":0,"442":0,"443":0,"444":0,"446":1,"447":1,"448":0,"449":0,"450":0,"451":0,"452":1,"453":1,"454":1,"455":1,"456":1,"458":1,"459":1,"460":1,"464":1,"465":1,"466":1,"467":1,"468":1,"469":1,"470":1,"471":1,"472":1,"473":1,"474":1,"475":1,"476":1,"477":1,"478":1,"481":1,"485":1,"486":0,"487":0,"488":0,"489":0,"490":0,"491":0,"495":0,"496":0,"497":0,"498":0,"499":0,"500":0,"501":0,"502":0,"503":0,"504":0,"505":0,"506":0,"507":1,"508":1,"510":1},"branchMap":{"0":{"type":"branch","line":17,"loc":{"start":{"line":17,"column":22},"end":{"line":509,"column":2}},"locations":[{"start":{"line":17,"column":22},"end":{"line":509,"column":2}}]},"1":{"type":"branch","line":22,"loc":{"start":{"line":22,"column":19},"end":{"line":44,"column":3}},"locations":[{"start":{"line":22,"column":19},"end":{"line":44,"column":3}}]},"2":{"type":"branch","line":39,"loc":{"start":{"line":39,"column":4},"end":{"line":42,"column":5}},"locations":[{"start":{"line":39,"column":4},"end":{"line":42,"column":5}}]},"3":{"type":"branch","line":35,"loc":{"start":{"line":35,"column":41},"end":{"line":36,"column":44}},"locations":[{"start":{"line":35,"column":41},"end":{"line":36,"column":44}}]},"4":{"type":"branch","line":50,"loc":{"start":{"line":50,"column":32},"end":{"line":78,"column":3}},"locations":[{"start":{"line":50,"column":32},"end":{"line":78,"column":3}}]},"5":{"type":"branch","line":70,"loc":{"start":{"line":70,"column":66},"end":{"line":71,"column":15}},"locations":[{"start":{"line":70,"column":66},"end":{"line":71,"column":15}}]},"6":{"type":"branch","line":74,"loc":{"start":{"line":74,"column":4},"end":{"line":77,"column":5}},"locations":[{"start":{"line":74,"column":4},"end":{"line":77,"column":5}}]},"7":{"type":"branch","line":70,"loc":{"start":{"line":70,"column":21},"end":{"line":70,"column":66}},"locations":[{"start":{"line":70,"column":21},"end":{"line":70,"column":66}}]},"8":{"type":"branch","line":84,"loc":{"start":{"line":84,"column":37},"end":{"line":108,"column":3}},"locations":[{"start":{"line":84,"column":37},"end":{"line":108,"column":3}}]},"9":{"type":"branch","line":103,"loc":{"start":{"line":103,"column":4},"end":{"line":106,"column":5}},"locations":[{"start":{"line":103,"column":4},"end":{"line":106,"column":5}}]},"10":{"type":"branch","line":99,"loc":{"start":{"line":99,"column":41},"end":{"line":100,"column":44}},"locations":[{"start":{"line":99,"column":41},"end":{"line":100,"column":44}}]},"11":{"type":"branch","line":135,"loc":{"start":{"line":135,"column":23},"end":{"line":165,"column":3}},"locations":[{"start":{"line":135,"column":23},"end":{"line":165,"column":3}}]},"12":{"type":"branch","line":143,"loc":{"start":{"line":143,"column":30},"end":{"line":143,"column":62}},"locations":[{"start":{"line":143,"column":30},"end":{"line":143,"column":62}}]},"13":{"type":"branch","line":155,"loc":{"start":{"line":155,"column":4},"end":{"line":162,"column":6}},"locations":[{"start":{"line":155,"column":4},"end":{"line":162,"column":6}}]},"14":{"type":"branch","line":168,"loc":{"start":{"line":168,"column":13},"end":{"line":199,"column":6}},"locations":[{"start":{"line":168,"column":13},"end":{"line":199,"column":6}}]},"15":{"type":"branch","line":186,"loc":{"start":{"line":186,"column":32},"end":{"line":186,"column":60}},"locations":[{"start":{"line":186,"column":32},"end":{"line":186,"column":60}}]},"16":{"type":"branch","line":193,"loc":{"start":{"line":193,"column":6},"end":{"line":197,"column":7}},"locations":[{"start":{"line":193,"column":6},"end":{"line":197,"column":7}}]},"17":{"type":"branch","line":255,"loc":{"start":{"line":255,"column":37},"end":{"line":273,"column":3}},"locations":[{"start":{"line":255,"column":37},"end":{"line":273,"column":3}}]},"18":{"type":"branch","line":257,"loc":{"start":{"line":257,"column":66},"end":{"line":257,"column":74}},"locations":[{"start":{"line":257,"column":66},"end":{"line":257,"column":74}}]},"19":{"type":"branch","line":261,"loc":{"start":{"line":261,"column":30},"end":{"line":261,"column":58}},"locations":[{"start":{"line":261,"column":30},"end":{"line":261,"column":58}}]},"20":{"type":"branch","line":267,"loc":{"start":{"line":267,"column":4},"end":{"line":271,"column":5}},"locations":[{"start":{"line":267,"column":4},"end":{"line":271,"column":5}}]},"21":{"type":"branch","line":279,"loc":{"start":{"line":279,"column":36},"end":{"line":298,"column":3}},"locations":[{"start":{"line":279,"column":36},"end":{"line":298,"column":3}}]},"22":{"type":"branch","line":281,"loc":{"start":{"line":281,"column":66},"end":{"line":281,"column":74}},"locations":[{"start":{"line":281,"column":66},"end":{"line":281,"column":74}}]},"23":{"type":"branch","line":285,"loc":{"start":{"line":285,"column":30},"end":{"line":285,"column":58}},"locations":[{"start":{"line":285,"column":30},"end":{"line":285,"column":58}}]},"24":{"type":"branch","line":292,"loc":{"start":{"line":292,"column":4},"end":{"line":296,"column":5}},"locations":[{"start":{"line":292,"column":4},"end":{"line":296,"column":5}}]},"25":{"type":"branch","line":301,"loc":{"start":{"line":301,"column":13},"end":{"line":330,"column":6}},"locations":[{"start":{"line":301,"column":13},"end":{"line":330,"column":6}}]},"26":{"type":"branch","line":310,"loc":{"start":{"line":310,"column":68},"end":{"line":310,"column":76}},"locations":[{"start":{"line":310,"column":68},"end":{"line":310,"column":76}}]},"27":{"type":"branch","line":318,"loc":{"start":{"line":318,"column":32},"end":{"line":318,"column":60}},"locations":[{"start":{"line":318,"column":32},"end":{"line":318,"column":60}}]},"28":{"type":"branch","line":324,"loc":{"start":{"line":324,"column":6},"end":{"line":328,"column":7}},"locations":[{"start":{"line":324,"column":6},"end":{"line":328,"column":7}}]},"29":{"type":"branch","line":415,"loc":{"start":{"line":415,"column":13},"end":{"line":456,"column":6}},"locations":[{"start":{"line":415,"column":13},"end":{"line":456,"column":6}}]},"30":{"type":"branch","line":436,"loc":{"start":{"line":436,"column":49},"end":{"line":436,"column":68}},"locations":[{"start":{"line":436,"column":49},"end":{"line":436,"column":68}}]},"31":{"type":"branch","line":439,"loc":{"start":{"line":439,"column":26},"end":{"line":445,"column":9}},"locations":[{"start":{"line":439,"column":26},"end":{"line":445,"column":9}}]},"32":{"type":"branch","line":448,"loc":{"start":{"line":448,"column":6},"end":{"line":453,"column":8}},"locations":[{"start":{"line":448,"column":6},"end":{"line":453,"column":8}}]},"33":{"type":"branch","line":460,"loc":{"start":{"line":460,"column":13},"end":{"line":478,"column":6}},"locations":[{"start":{"line":460,"column":13},"end":{"line":478,"column":6}}]},"34":{"type":"branch","line":476,"loc":{"start":{"line":476,"column":30},"end":{"line":476,"column":78}},"locations":[{"start":{"line":476,"column":30},"end":{"line":476,"column":78}}]}},"b":{"0":[1],"1":[1],"2":[0],"3":[2],"4":[1],"5":[0],"6":[0],"7":[73],"8":[1],"9":[0],"10":[81],"11":[1],"12":[0],"13":[0],"14":[1],"15":[0],"16":[0],"17":[1],"18":[0],"19":[0],"20":[0],"21":[1],"22":[0],"23":[0],"24":[0],"25":[1],"26":[0],"27":[0],"28":[0],"29":[1],"30":[0],"31":[0],"32":[0],"33":[1],"34":[0]},"fnMap":{"0":{"name":"articleRoutes","decl":{"start":{"line":17,"column":22},"end":{"line":509,"column":2}},"loc":{"start":{"line":17,"column":22},"end":{"line":509,"column":2}},"line":17},"1":{"name":"handler","decl":{"start":{"line":168,"column":13},"end":{"line":199,"column":6}},"loc":{"start":{"line":168,"column":13},"end":{"line":199,"column":6}},"line":168},"2":{"name":"handler","decl":{"start":{"line":203,"column":13},"end":{"line":248,"column":6}},"loc":{"start":{"line":203,"column":13},"end":{"line":248,"column":6}},"line":203},"3":{"name":"handler","decl":{"start":{"line":301,"column":13},"end":{"line":330,"column":6}},"loc":{"start":{"line":301,"column":13},"end":{"line":330,"column":6}},"line":301},"4":{"name":"handler","decl":{"start":{"line":334,"column":13},"end":{"line":365,"column":6}},"loc":{"start":{"line":334,"column":13},"end":{"line":365,"column":6}},"line":334},"5":{"name":"handler","decl":{"start":{"line":415,"column":13},"end":{"line":456,"column":6}},"loc":{"start":{"line":415,"column":13},"end":{"line":456,"column":6}},"line":415},"6":{"name":"handler","decl":{"start":{"line":460,"column":13},"end":{"line":478,"column":6}},"loc":{"start":{"line":460,"column":13},"end":{"line":478,"column":6}},"line":460}},"f":{"0":1,"1":1,"2":0,"3":1,"4":0,"5":1,"6":1}}
,"/Users/joshuadgilley/Documents/Documents/Personal Projects/tdv/the-digital-vanguard/server/types/auth.ts": {"path":"/Users/joshuadgilley/Documents/Documents/Personal Projects/tdv/the-digital-vanguard/server/types/auth.ts","all":true,"statementMap":{"0":{"start":{"line":1,"column":0},"end":{"line":1,"column":22}},"1":{"start":{"line":2,"column":0},"end":{"line":2,"column":16}},"2":{"start":{"line":3,"column":0},"end":{"line":3,"column":18}},"3":{"start":{"line":4,"column":0},"end":{"line":4,"column":21}},"4":{"start":{"line":5,"column":0},"end":{"line":5,"column":22}},"5":{"start":{"line":6,"column":0},"end":{"line":6,"column":1}}},"s":{"0":0,"1":0,"2":0,"3":0,"4":0,"5":0},"branchMap":{"0":{"type":"branch","line":1,"loc":{"start":{"line":1,"column":0},"end":{"line":6,"column":1}},"locations":[{"start":{"line":1,"column":0},"end":{"line":6,"column":1}}]}},"b":{"0":[0]},"fnMap":{"0":{"name":"(empty-report)","decl":{"start":{"line":1,"column":0},"end":{"line":6,"column":1}},"loc":{"start":{"line":1,"column":0},"end":{"line":6,"column":1}},"line":1}},"f":{"0":0}}
,"/Users/joshuadgilley/Documents/Documents/Personal Projects/tdv/the-digital-vanguard/server/utils/authentication.ts": {"path":"/Users/joshuadgilley/Documents/Documents/Personal Projects/tdv/the-digital-vanguard/server/utils/authentication.ts","all":false,"statementMap":{"1":{"start":{"line":2,"column":0},"end":{"line":2,"column":39}},"2":{"start":{"line":3,"column":0},"end":{"line":3,"column":37}},"4":{"start":{"line":5,"column":0},"end":{"line":5,"column":14}},"5":{"start":{"line":6,"column":0},"end":{"line":6,"column":21}},"6":{"start":{"line":7,"column":0},"end":{"line":7,"column":16}},"7":{"start":{"line":8,"column":0},"end":{"line":8,"column":6}},"8":{"start":{"line":9,"column":0},"end":{"line":9,"column":20}},"9":{"start":{"line":10,"column":0},"end":{"line":10,"column":7}},"10":{"start":{"line":11,"column":0},"end":{"line":11,"column":59}},"11":{"start":{"line":12,"column":0},"end":{"line":12,"column":66}},"12":{"start":{"line":13,"column":0},"end":{"line":13,"column":80}},"13":{"start":{"line":14,"column":0},"end":{"line":14,"column":60}},"14":{"start":{"line":15,"column":0},"end":{"line":15,"column":19}},"15":{"start":{"line":16,"column":0},"end":{"line":16,"column":23}},"16":{"start":{"line":17,"column":0},"end":{"line":17,"column":3}},"17":{"start":{"line":18,"column":0},"end":{"line":18,"column":15}},"18":{"start":{"line":19,"column":0},"end":{"line":19,"column":2}}},"s":{"1":1,"2":1,"4":6,"5":6,"6":6,"7":6,"8":6,"9":6,"10":6,"11":6,"12":6,"13":6,"14":6,"15":0,"16":0,"17":6,"18":6},"branchMap":{"0":{"type":"branch","line":3,"loc":{"start":{"line":3,"column":30},"end":{"line":19,"column":2}},"locations":[{"start":{"line":3,"column":30},"end":{"line":19,"column":2}}]},"1":{"type":"branch","line":15,"loc":{"start":{"line":15,"column":2},"end":{"line":17,"column":3}},"locations":[{"start":{"line":15,"column":2},"end":{"line":17,"column":3}}]}},"b":{"0":[6],"1":[0]},"fnMap":{"0":{"name":"validUserCheck","decl":{"start":{"line":3,"column":30},"end":{"line":19,"column":2}},"loc":{"start":{"line":3,"column":30},"end":{"line":19,"column":2}},"line":3}},"f":{"0":6}}
}
